"../../../Engine/Content/EditorResources/S_Actor.ubulk" 0
"../../../Engine/Content/EditorResources/S_Actor.uasset" 1
"../../../Engine/Content/EditorResources/S_Actor.uexp" 2
"../../../Engine/Content/EditorResources/S_BoxReflectionCapture.uasset" 3
"../../../Engine/Content/EditorResources/S_BoxReflectionCapture.uexp" 4
"../../../Engine/Content/EngineResources/DefaultTexture.ubulk" 5
"../../../Engine/Content/EngineResources/DefaultTexture.uasset" 6
"../../../Engine/Content/EngineResources/DefaultTexture.uexp" 7
"../../../Engine/Content/EngineResources/DefaultTextureCube.uasset" 8
"../../../Engine/Content/EngineResources/DefaultTextureCube.uexp" 9
"../../../Engine/Content/EngineResources/DefaultVolumeTexture2D.uasset" 10
"../../../Engine/Content/EngineResources/DefaultVolumeTexture2D.uexp" 11
"../../../Engine/Content/EngineResources/DefaultVolumeTexture.uasset" 12
"../../../Engine/Content/EngineResources/DefaultVolumeTexture.uexp" 13
"../../../Engine/Content/EditorResources/S_Trigger.ubulk" 14
"../../../Engine/Content/EditorResources/S_Trigger.uasset" 15
"../../../Engine/Content/EditorResources/S_Trigger.uexp" 16
"../../../Engine/Content/EditorResources/S_TriggerBox.uasset" 17
"../../../Engine/Content/EditorResources/S_TriggerBox.uexp" 18
"../../../Engine/Content/EditorResources/S_TriggerCapsule.uasset" 19
"../../../Engine/Content/EditorResources/S_TriggerCapsule.uexp" 20
"../../../Engine/Content/EditorResources/S_TriggerSphere.uasset" 21
"../../../Engine/Content/EditorResources/S_TriggerSphere.uexp" 22
"../../../Engine/Content/EngineMeshes/Sphere.ubulk" 23
"../../../Engine/Content/EngineMeshes/Sphere.uasset" 24
"../../../Engine/Content/EngineMeshes/Sphere.uexp" 25
"../../../Engine/Content/EngineResources/GradientTexture0.uasset" 26
"../../../Engine/Content/EngineResources/GradientTexture0.uexp" 27
"../../../Engine/Content/EngineResources/Black.uasset" 28
"../../../Engine/Content/EngineResources/Black.uexp" 29
"../../../Engine/Content/VREditor/LaserPointer/VR_LaserPower_01.ubulk" 30
"../../../Engine/Content/VREditor/LaserPointer/VR_LaserPower_01.uasset" 31
"../../../Engine/Content/VREditor/LaserPointer/VR_LaserPower_01.uexp" 32
"../../../Engine/Content/VREditor/TransformGizmo/TransformGizmoMaterial.uasset" 33
"../../../Engine/Content/VREditor/TransformGizmo/TransformGizmoMaterial.uexp" 34
"../../../Engine/Content/VREditor/TransformGizmo/TranslucentTransformGizmoMaterial.uasset" 35
"../../../Engine/Content/VREditor/TransformGizmo/TranslucentTransformGizmoMaterial.uexp" 36
"../../../Engine/Content/VREditor/TransformGizmo/PlaneTranslationHandle.ubulk" 37
"../../../Engine/Content/VREditor/TransformGizmo/PlaneTranslationHandle.uasset" 38
"../../../Engine/Content/VREditor/TransformGizmo/PlaneTranslationHandle.uexp" 39
"../../../Engine/Content/VREditor/TransformGizmo/BoundingBoxCorner.ubulk" 40
"../../../Engine/Content/VREditor/TransformGizmo/BoundingBoxCorner.uasset" 41
"../../../Engine/Content/VREditor/TransformGizmo/BoundingBoxCorner.uexp" 42
"../../../Engine/Content/VREditor/TransformGizmo/BoundingBoxEdge.ubulk" 43
"../../../Engine/Content/VREditor/TransformGizmo/BoundingBoxEdge.uasset" 44
"../../../Engine/Content/VREditor/TransformGizmo/BoundingBoxEdge.uexp" 45
"../../../Engine/Content/VREditor/TransformGizmo/Main.uasset" 46
"../../../Engine/Content/VREditor/TransformGizmo/Main.uexp" 47
"../../../Engine/Content/VREditor/TransformGizmo/Xray.uasset" 48
"../../../Engine/Content/VREditor/TransformGizmo/Xray.uexp" 49
"../../../Engine/Content/VREditor/TransformGizmo/SM_Sequencer_Node.ubulk" 50
"../../../Engine/Content/VREditor/TransformGizmo/SM_Sequencer_Node.uasset" 51
"../../../Engine/Content/VREditor/TransformGizmo/SM_Sequencer_Node.uexp" 52
"../../../Engine/Content/EditorMaterials/Camera/CineMat.uasset" 53
"../../../Engine/Content/EditorMaterials/Camera/CineMat.uexp" 54
"../../../Engine/Content/EditorMaterials/Camera/MI_CineMat_Rig.uasset" 55
"../../../Engine/Content/EditorMaterials/Camera/MI_CineMat_Rig.uexp" 56
"../../../Engine/Content/EditorMeshes/Camera/SM_CraneRig_Base.ubulk" 57
"../../../Engine/Content/EditorMeshes/Camera/SM_CraneRig_Base.uasset" 58
"../../../Engine/Content/EditorMeshes/Camera/SM_CraneRig_Base.uexp" 59
"../../../Engine/Content/EditorMeshes/Camera/SM_CraneRig_Arm.ubulk" 60
"../../../Engine/Content/EditorMeshes/Camera/SM_CraneRig_Arm.uasset" 61
"../../../Engine/Content/EditorMeshes/Camera/SM_CraneRig_Arm.uexp" 62
"../../../Engine/Content/EditorMeshes/Camera/SM_CraneRig_Mount.ubulk" 63
"../../../Engine/Content/EditorMeshes/Camera/SM_CraneRig_Mount.uasset" 64
"../../../Engine/Content/EditorMeshes/Camera/SM_CraneRig_Mount.uexp" 65
"../../../Engine/Content/EditorMeshes/Camera/SM_CraneRig_Body.ubulk" 66
"../../../Engine/Content/EditorMeshes/Camera/SM_CraneRig_Body.uasset" 67
"../../../Engine/Content/EditorMeshes/Camera/SM_CraneRig_Body.uexp" 68
"../../../Engine/Content/EditorMeshes/Camera/SM_RailRig_Track.ubulk" 69
"../../../Engine/Content/EditorMeshes/Camera/SM_RailRig_Track.uasset" 70
"../../../Engine/Content/EditorMeshes/Camera/SM_RailRig_Track.uexp" 71
"../../../Engine/Content/EditorMeshes/Camera/SM_RailRig_Mount.ubulk" 72
"../../../Engine/Content/EditorMeshes/Camera/SM_RailRig_Mount.uasset" 73
"../../../Engine/Content/EditorMeshes/Camera/SM_RailRig_Mount.uexp" 74
"../../../Engine/Content/EngineMaterials/T_Default_Material_Grid_M.ubulk" 75
"../../../Engine/Content/EngineMaterials/T_Default_Material_Grid_M.uasset" 76
"../../../Engine/Content/EngineMaterials/T_Default_Material_Grid_M.uexp" 77
"../../../Engine/Content/EngineMaterials/T_Default_Material_Grid_N.ubulk" 78
"../../../Engine/Content/EngineMaterials/T_Default_Material_Grid_N.uasset" 79
"../../../Engine/Content/EngineMaterials/T_Default_Material_Grid_N.uexp" 80
"../../../Engine/Content/Functions/Engine_MaterialFunctions01/Opacity/CameraDepthFade.uasset" 81
"../../../Engine/Content/Functions/Engine_MaterialFunctions01/Opacity/CameraDepthFade.uexp" 82
"../../../Engine/Content/EngineMaterials/WorldGridMaterial.uasset" 83
"../../../Engine/Content/EngineMaterials/WorldGridMaterial.uexp" 84
"../../../Engine/Content/ArtTools/RenderToTexture/Meshes/S_1_Unit_Plane.ubulk" 85
"../../../Engine/Content/ArtTools/RenderToTexture/Meshes/S_1_Unit_Plane.uasset" 86
"../../../Engine/Content/ArtTools/RenderToTexture/Meshes/S_1_Unit_Plane.uexp" 87
"../../../Engine/Content/EditorMaterials/ParticleSystems/PSysThumbnail_NoImage.ubulk" 88
"../../../Engine/Content/EditorMaterials/ParticleSystems/PSysThumbnail_NoImage.uasset" 89
"../../../Engine/Content/EditorMaterials/ParticleSystems/PSysThumbnail_NoImage.uexp" 90
"../../../Engine/Content/EditorMaterials/ParticleSystems/PSysThumbnail_OOD.ubulk" 91
"../../../Engine/Content/EditorMaterials/ParticleSystems/PSysThumbnail_OOD.uasset" 92
"../../../Engine/Content/EditorMaterials/ParticleSystems/PSysThumbnail_OOD.uexp" 93
"../../../Engine/Content/EditorLandscapeResources/SplineEditorMeshMat.uasset" 94
"../../../Engine/Content/EditorLandscapeResources/SplineEditorMeshMat.uexp" 95
"../../../Engine/Content/EditorLandscapeResources/SplineEditorMesh.ubulk" 96
"../../../Engine/Content/EditorLandscapeResources/SplineEditorMesh.uasset" 97
"../../../Engine/Content/EditorLandscapeResources/SplineEditorMesh.uexp" 98
"../../../Engine/Content/EditorMeshes/EditorSphere.ubulk" 99
"../../../Engine/Content/EditorMeshes/EditorSphere.uasset" 100
"../../../Engine/Content/EditorMeshes/EditorSphere.uexp" 101
"../../../Engine/Content/EditorResources/S_Solver.ubulk" 102
"../../../Engine/Content/EditorResources/S_Solver.uasset" 103
"../../../Engine/Content/EditorResources/S_Solver.uexp" 104
"../../../Engine/Plugins/Media/MediaPlate/Content/SM_MediaPlateScreen.ubulk" 105
"../../../Engine/Plugins/Media/MediaPlate/Content/SM_MediaPlateScreen.uasset" 106
"../../../Engine/Plugins/Media/MediaPlate/Content/SM_MediaPlateScreen.uexp" 107
"../../../Engine/Content/EngineMaterials/Good64x64TilingNoiseHighFreq.uasset" 108
"../../../Engine/Content/EngineMaterials/Good64x64TilingNoiseHighFreq.uexp" 109
"../../../Engine/Content/EngineMaterials/DefaultBokeh.uasset" 110
"../../../Engine/Content/EngineMaterials/DefaultBokeh.uexp" 111
"../../../Engine/Content/EngineMaterials/PreintegratedSkinBRDF.uasset" 112
"../../../Engine/Content/EngineMaterials/PreintegratedSkinBRDF.uexp" 113
"../../../Engine/Content/EngineMaterials/MiniFont.uasset" 114
"../../../Engine/Content/EngineMaterials/MiniFont.uexp" 115
"../../../Engine/Content/EngineMaterials/WeightMapPlaceholderTexture.uasset" 116
"../../../Engine/Content/EngineMaterials/WeightMapPlaceholderTexture.uexp" 117
"../../../Engine/Content/EngineMaterials/DefaultWhiteGrid.ubulk" 118
"../../../Engine/Content/EngineMaterials/DefaultWhiteGrid.uasset" 119
"../../../Engine/Content/EngineMaterials/DefaultWhiteGrid.uexp" 120
"../../../Engine/Content/Animation/DefaultRecorderBoneCompression.uasset" 121
"../../../Engine/Content/Animation/DefaultRecorderBoneCompression.uexp" 122
"../../../Engine/Content/Animation/DefaultAnimCurveCompressionSettings.uasset" 123
"../../../Engine/Content/Animation/DefaultAnimCurveCompressionSettings.uexp" 124
"../../../Engine/Content/Animation/DefaultAnimBoneCompressionSettings.uasset" 125
"../../../Engine/Content/Animation/DefaultAnimBoneCompressionSettings.uexp" 126
"../../../Engine/Content/EngineMaterials/DefaultMaterial.uasset" 127
"../../../Engine/Content/EngineMaterials/DefaultMaterial.uexp" 128
"../../../Engine/Content/BasicShapes/Sphere.ubulk" 129
"../../../Engine/Content/BasicShapes/Sphere.uasset" 130
"../../../Engine/Content/BasicShapes/Sphere.uexp" 131
"../../../Engine/Content/BasicShapes/Plane.ubulk" 132
"../../../Engine/Content/BasicShapes/Plane.uasset" 133
"../../../Engine/Content/BasicShapes/Plane.uexp" 134
"../../../Engine/Content/BasicShapes/Cone.ubulk" 135
"../../../Engine/Content/BasicShapes/Cone.uasset" 136
"../../../Engine/Content/BasicShapes/Cone.uexp" 137
"../../../Engine/Content/EditorLandscapeResources/DefaultAlphaTexture.uasset" 138
"../../../Engine/Content/EditorLandscapeResources/DefaultAlphaTexture.uexp" 139
"../../../Engine/Content/EditorLandscapeResources/DataLayer.uasset" 140
"../../../Engine/Content/EditorLandscapeResources/DataLayer.uexp" 141
"../../../Engine/Content/EditorMaterials/PreviewShadowIndicator.ubulk" 142
"../../../Engine/Content/EditorMaterials/PreviewShadowIndicator.uasset" 143
"../../../Engine/Content/EditorMaterials/PreviewShadowIndicator.uexp" 144
"../../../Engine/Content/EditorMaterials/PreviewShadowIndicatorMaterial.uasset" 145
"../../../Engine/Content/EditorMaterials/PreviewShadowIndicatorMaterial.uexp" 146
"../../../Engine/Content/EditorMaterials/PhAT_UnselectedMaterial.uasset" 147
"../../../Engine/Content/EditorMaterials/PhAT_UnselectedMaterial.uexp" 148
"../../../Engine/Content/EditorMaterials/PhAT_NoCollisionMaterial.uasset" 149
"../../../Engine/Content/EditorMaterials/PhAT_NoCollisionMaterial.uexp" 150
"../../../Engine/Content/Functions/Engine_MaterialFunctions02/Utility/MakeFloat4.uasset" 151
"../../../Engine/Content/Functions/Engine_MaterialFunctions02/Utility/MakeFloat4.uexp" 152
"../../../Engine/Content/Functions/Engine_MaterialFunctions02/Utility/MakeFloat3.uasset" 153
"../../../Engine/Content/Functions/Engine_MaterialFunctions02/Utility/MakeFloat3.uexp" 154
"../../../Engine/Content/Functions/Engine_MaterialFunctions02/Utility/BreakOutFloat3Components.uasset" 155
"../../../Engine/Content/Functions/Engine_MaterialFunctions02/Utility/BreakOutFloat3Components.uexp" 156
"../../../Engine/Content/EditorMaterials/WorldPartition/WorldPartitionSpatialHashGridPreviewMaterial.uasset" 157
"../../../Engine/Content/EditorMaterials/WorldPartition/WorldPartitionSpatialHashGridPreviewMaterial.uexp" 158
"../../../Engine/Content/EditorResources/S_Terrain.ubulk" 159
"../../../Engine/Content/EditorResources/S_Terrain.uasset" 160
"../../../Engine/Content/EditorResources/S_Terrain.uexp" 161
"../../../Engine/Content/EditorResources/EmptyActor.uasset" 162
"../../../Engine/Content/EditorResources/EmptyActor.uexp" 163
"../../../Engine/Content/EditorResources/BSPVertex.uasset" 164
"../../../Engine/Content/EditorResources/BSPVertex.uexp" 165
"../../../Engine/Content/EditorResources/LightIcons/S_LightError.uasset" 166
"../../../Engine/Content/EditorResources/LightIcons/S_LightError.uexp" 167
"../../../Engine/Content/EditorResources/SequenceRecorder/RecordingIndicator.uasset" 168
"../../../Engine/Content/EditorResources/SequenceRecorder/RecordingIndicator.uexp" 169
"../../../Engine/Content/EditorResources/SequenceRecorder/Countdown.uasset" 170
"../../../Engine/Content/EditorResources/SequenceRecorder/Countdown.uexp" 171
"../../../Engine/Content/EngineDamageTypes/DmgTypeBP_Environmental.uasset" 172
"../../../Engine/Content/EngineDamageTypes/DmgTypeBP_Environmental.uexp" 173
"../../../Engine/Content/Functions/Engine_MaterialFunctions02/Utility/CameraDirectionVector.uasset" 174
"../../../Engine/Content/Functions/Engine_MaterialFunctions02/Utility/CameraDirectionVector.uexp" 175
"../../../Engine/Content/EngineDebugMaterials/VolumeToRender.uasset" 176
"../../../Engine/Content/EngineDebugMaterials/VolumeToRender.uexp" 177
"../../../Engine/Content/EngineDebugMaterials/M_VolumeRenderSphereTracePP.uasset" 178
"../../../Engine/Content/EngineDebugMaterials/M_VolumeRenderSphereTracePP.uexp" 179
"../../../Engine/Content/EngineDebugMaterials/M_SimpleUnlitTranslucent.uasset" 180
"../../../Engine/Content/EngineDebugMaterials/M_SimpleUnlitTranslucent.uexp" 181
"../../../Engine/Content/EngineDebugMaterials/DebugMeshMaterial.uasset" 182
"../../../Engine/Content/EngineDebugMaterials/DebugMeshMaterial.uexp" 183
"../../../Engine/Content/EngineDebugMaterials/DebugEditorMaterial.uasset" 184
"../../../Engine/Content/EngineDebugMaterials/DebugEditorMaterial.uexp" 185
"../../../Engine/Content/EngineFonts/Faces/RobotoLight.uexp" 186
"../../../Engine/Content/EngineFonts/Faces/RobotoLight.uasset" 187
"../../../Engine/Content/EngineFonts/Faces/RobotoLight.ufont" 188
"../../../Engine/Content/EngineFonts/Faces/RobotoBold.uexp" 189
"../../../Engine/Content/EngineFonts/Faces/RobotoBold.uasset" 190
"../../../Engine/Content/EngineFonts/Faces/RobotoBold.ufont" 191
"../../../Engine/Content/EngineFonts/Faces/RobotoRegular.uexp" 192
"../../../Engine/Content/EngineFonts/Faces/RobotoRegular.uasset" 193
"../../../Engine/Content/EngineFonts/Faces/RobotoRegular.ufont" 194
"../../../Engine/Content/EngineFonts/Faces/DroidSansFallback.uexp" 195
"../../../Engine/Content/EngineFonts/Faces/DroidSansFallback.uasset" 196
"../../../Engine/Content/EngineFonts/Faces/DroidSansFallback.ufont" 197
"../../../Engine/Content/EngineFonts/Faces/RobotoItalic.uexp" 198
"../../../Engine/Content/EngineFonts/Faces/RobotoItalic.uasset" 199
"../../../Engine/Content/EngineFonts/Faces/RobotoItalic.ufont" 200
"../../../Engine/Content/EngineFonts/Faces/RobotoBoldItalic.uexp" 201
"../../../Engine/Content/EngineFonts/Faces/RobotoBoldItalic.uasset" 202
"../../../Engine/Content/EngineFonts/Faces/RobotoBoldItalic.ufont" 203
"../../../Engine/Content/EngineFonts/Roboto.uasset" 204
"../../../Engine/Content/EngineFonts/Roboto.uexp" 205
"../../../Engine/Content/EngineResources/WhiteSquareTexture.uasset" 206
"../../../Engine/Content/EngineResources/WhiteSquareTexture.uexp" 207
"../../../Engine/Content/EngineMaterials/Widget3DPassThrough.uasset" 208
"../../../Engine/Content/EngineMaterials/Widget3DPassThrough.uexp" 209
"../../../Engine/Content/EngineMaterials/Widget3DPassThrough_Translucent.uasset" 210
"../../../Engine/Content/EngineMaterials/Widget3DPassThrough_Translucent.uexp" 211
"../../../Engine/Content/EngineMaterials/Widget3DPassThrough_Translucent_OneSided.uasset" 212
"../../../Engine/Content/EngineMaterials/Widget3DPassThrough_Translucent_OneSided.uexp" 213
"../../../Engine/Content/EngineMaterials/Widget3DPassThrough_Opaque.uasset" 214
"../../../Engine/Content/EngineMaterials/Widget3DPassThrough_Opaque.uexp" 215
"../../../Engine/Content/EngineMaterials/Widget3DPassThrough_Opaque_OneSided.uasset" 216
"../../../Engine/Content/EngineMaterials/Widget3DPassThrough_Opaque_OneSided.uexp" 217
"../../../Engine/Content/EngineMaterials/Widget3DPassThrough_Masked_OneSided.uasset" 218
"../../../Engine/Content/EngineMaterials/Widget3DPassThrough_Masked_OneSided.uexp" 219
"../../../Engine/Content/EngineMaterials/STBlueNoise_vec2_128x128x64.uasset" 220
"../../../Engine/Content/EngineMaterials/STBlueNoise_vec2_128x128x64.uexp" 221
"../../../Engine/Content/EngineMaterials/STBlueNoise_scalar_128x128x64.uasset" 222
"../../../Engine/Content/EngineMaterials/STBlueNoise_scalar_128x128x64.uexp" 223
"../../../Engine/Content/EngineMaterials/RemoveSurfaceMaterial.uasset" 224
"../../../Engine/Content/EngineMaterials/RemoveSurfaceMaterial.uexp" 225
"../../../Engine/Content/EngineMaterials/DefaultCalibrationGrayscale.uasset" 226
"../../../Engine/Content/EngineMaterials/DefaultCalibrationGrayscale.uexp" 227
"../../../Engine/Content/EngineMaterials/PPM_DefaultCalibrationGrayscale.uasset" 228
"../../../Engine/Content/EngineMaterials/PPM_DefaultCalibrationGrayscale.uexp" 229
"../../../Engine/Content/EngineMaterials/DefaultCalibrationColor.uasset" 230
"../../../Engine/Content/EngineMaterials/DefaultCalibrationColor.uexp" 231
"../../../Engine/Content/EngineMaterials/PPM_DefaultCalibrationColor.uasset" 232
"../../../Engine/Content/EngineMaterials/PPM_DefaultCalibrationColor.uexp" 233
"../../../Engine/Content/Functions/Engine_MaterialFunctions02/WorldPositionOffset/CameraOffset.uasset" 234
"../../../Engine/Content/Functions/Engine_MaterialFunctions02/WorldPositionOffset/CameraOffset.uexp" 235
"../../../Engine/Content/EngineMaterials/PhAT_JointLimitMaterial.uasset" 236
"../../../Engine/Content/EngineMaterials/PhAT_JointLimitMaterial.uexp" 237
"../../../Engine/Content/EngineMaterials/InvalidLightmapSettings.ubulk" 238
"../../../Engine/Content/EngineMaterials/InvalidLightmapSettings.uasset" 239
"../../../Engine/Content/EngineMaterials/InvalidLightmapSettings.uexp" 240
"../../../Engine/Content/EngineMaterials/M_InvalidLightmapSettings.uasset" 241
"../../../Engine/Content/EngineMaterials/M_InvalidLightmapSettings.uexp" 242
"../../../Engine/Content/EngineMaterials/GizmoMaterial.uasset" 243
"../../../Engine/Content/EngineMaterials/GizmoMaterial.uexp" 244
"../../../Engine/Content/EngineMaterials/BaseFlattenEmissiveMap_VT.uasset" 245
"../../../Engine/Content/EngineMaterials/BaseFlattenEmissiveMap_VT.uexp" 246
"../../../Engine/Content/EngineMaterials/BaseFlattenGrayscaleMap_VT.uasset" 247
"../../../Engine/Content/EngineMaterials/BaseFlattenGrayscaleMap_VT.uexp" 248
"../../../Engine/Content/EngineMaterials/BaseFlattenLinearColor_VT.uasset" 249
"../../../Engine/Content/EngineMaterials/BaseFlattenLinearColor_VT.uexp" 250
"../../../Engine/Content/EngineMaterials/Black_1x1_EXR_Texture_VT.uasset" 251
"../../../Engine/Content/EngineMaterials/Black_1x1_EXR_Texture_VT.uexp" 252
"../../../Engine/Content/EngineMaterials/BaseFlattenDiffuseMap_VT.uasset" 253
"../../../Engine/Content/EngineMaterials/BaseFlattenDiffuseMap_VT.uexp" 254
"../../../Engine/Content/EngineMaterials/BaseFlattenNormalMap_VT.uasset" 255
"../../../Engine/Content/EngineMaterials/BaseFlattenNormalMap_VT.uexp" 256
"../../../Engine/Content/EngineMaterials/FlattenMaterial_WS_Normal_VT.uasset" 257
"../../../Engine/Content/EngineMaterials/FlattenMaterial_WS_Normal_VT.uexp" 258
"../../../Engine/Content/EngineMaterials/FlattenMaterial_VT.uasset" 259
"../../../Engine/Content/EngineMaterials/FlattenMaterial_VT.uexp" 260
"../../../Engine/Content/EngineMaterials/BaseFlattenNormalMap.uasset" 261
"../../../Engine/Content/EngineMaterials/BaseFlattenNormalMap.uexp" 262
"../../../Engine/Content/EngineMaterials/BaseFlattenGrayscaleMap.uasset" 263
"../../../Engine/Content/EngineMaterials/BaseFlattenGrayscaleMap.uexp" 264
"../../../Engine/Content/EngineMaterials/BaseFlattenDiffuseMap.uasset" 265
"../../../Engine/Content/EngineMaterials/BaseFlattenDiffuseMap.uexp" 266
"../../../Engine/Content/Functions/Engine_MaterialFunctions02/PivotPainter2/Black_1x1_EXR_Texture.uasset" 267
"../../../Engine/Content/Functions/Engine_MaterialFunctions02/PivotPainter2/Black_1x1_EXR_Texture.uexp" 268
"../../../Engine/Content/EngineMaterials/BaseFlattenEmissiveMap.uasset" 269
"../../../Engine/Content/EngineMaterials/BaseFlattenEmissiveMap.uexp" 270
"../../../Engine/Content/EngineMaterials/BaseFlattenLinearColor.uasset" 271
"../../../Engine/Content/EngineMaterials/BaseFlattenLinearColor.uexp" 272
"../../../Engine/Content/EngineMaterials/FlattenMaterial.uasset" 273
"../../../Engine/Content/EngineMaterials/FlattenMaterial.uexp" 274
"../../../Engine/Content/EngineMaterials/DefaultWhiteGrid_Low.uasset" 275
"../../../Engine/Content/EngineMaterials/DefaultWhiteGrid_Low.uexp" 276
"../../../Engine/Content/EngineMaterials/EmissiveMeshMaterial.uasset" 277
"../../../Engine/Content/EngineMaterials/EmissiveMeshMaterial.uexp" 278
"../../../Engine/Content/EngineFonts/RobotoDistanceField.uasset" 279
"../../../Engine/Content/EngineFonts/RobotoDistanceField.uexp" 280
"../../../Engine/Content/EngineMaterials/DefaultTextMaterialOpaque.uasset" 281
"../../../Engine/Content/EngineMaterials/DefaultTextMaterialOpaque.uexp" 282
"../../../Engine/Content/EngineMaterials/DefaultDiffuse.ubulk" 283
"../../../Engine/Content/EngineMaterials/DefaultDiffuse.uasset" 284
"../../../Engine/Content/EngineMaterials/DefaultDiffuse.uexp" 285
"../../../Engine/Content/Functions/Engine_MaterialFunctions02/Utility/BreakOutFloat2Components.uasset" 286
"../../../Engine/Content/Functions/Engine_MaterialFunctions02/Utility/BreakOutFloat2Components.uexp" 287
"../../../Engine/Content/EngineMaterials/DefaultPostProcessMaterial.uasset" 288
"../../../Engine/Content/EngineMaterials/DefaultPostProcessMaterial.uexp" 289
"../../../Engine/Content/EngineMaterials/DefaultPhysicalMaterial.uasset" 290
"../../../Engine/Content/EngineMaterials/DefaultPhysicalMaterial.uexp" 291
"../../../Engine/Content/EngineMaterials/DefaultLightFunctionMaterial.uasset" 292
"../../../Engine/Content/EngineMaterials/DefaultLightFunctionMaterial.uexp" 293
"../../../Engine/Content/EngineMaterials/DefaultDestructiblePhysicalMaterial.uasset" 294
"../../../Engine/Content/EngineMaterials/DefaultDestructiblePhysicalMaterial.uexp" 295
"../../../Engine/Content/EngineMaterials/DefaultDeferredDecalMaterial.uasset" 296
"../../../Engine/Content/EngineMaterials/DefaultDeferredDecalMaterial.uexp" 297
"../../../Engine/Content/EngineMaterials/DefaultBloomKernel.uasset" 298
"../../../Engine/Content/EngineMaterials/DefaultBloomKernel.uexp" 299
"../../../Engine/Content/EngineResources/FilmGrains/Marcie_Grain_v3_128_M2_000.uasset" 300
"../../../Engine/Content/EngineResources/FilmGrains/Marcie_Grain_v3_128_M2_000.uexp" 301
"../../../Engine/Content/EngineSky/VolumetricClouds/CloudWeatherTexture.uasset" 302
"../../../Engine/Content/EngineSky/VolumetricClouds/CloudWeatherTexture.uexp" 303
"../../../Engine/Content/Functions/Engine_MaterialFunctions02/Utility/MakeFloat2.uasset" 304
"../../../Engine/Content/Functions/Engine_MaterialFunctions02/Utility/MakeFloat2.uexp" 305
"../../../Engine/Content/EngineSky/VolumetricClouds/CloudGradientTexture.uasset" 306
"../../../Engine/Content/EngineSky/VolumetricClouds/CloudGradientTexture.uexp" 307
"../../../Engine/Content/EngineSky/VolumetricClouds/T_NoiseShape64.ubulk" 308
"../../../Engine/Content/EngineSky/VolumetricClouds/T_NoiseShape64.uasset" 309
"../../../Engine/Content/EngineSky/VolumetricClouds/T_NoiseShape64.uexp" 310
"../../../Engine/Content/EngineSky/VolumetricClouds/T_VolumeNoiseShape64.uasset" 311
"../../../Engine/Content/EngineSky/VolumetricClouds/T_VolumeNoiseShape64.uexp" 312
"../../../Engine/Content/EngineSky/VolumetricClouds/T_NoiseErosion.ubulk" 313
"../../../Engine/Content/EngineSky/VolumetricClouds/T_NoiseErosion.uasset" 314
"../../../Engine/Content/EngineSky/VolumetricClouds/T_NoiseErosion.uexp" 315
"../../../Engine/Content/EngineSky/VolumetricClouds/T_VolumeNoiseErosion32.uasset" 316
"../../../Engine/Content/EngineSky/VolumetricClouds/T_VolumeNoiseErosion32.uexp" 317
"../../../Engine/Content/EngineSky/VolumetricClouds/m_SimpleVolumetricCloud.uasset" 318
"../../../Engine/Content/EngineSky/VolumetricClouds/m_SimpleVolumetricCloud.uexp" 319
"../../../Engine/Content/EngineSky/VolumetricClouds/m_SimpleVolumetricCloud_Inst.uasset" 320
"../../../Engine/Content/EngineSky/VolumetricClouds/m_SimpleVolumetricCloud_Inst.uexp" 321
"../../../Engine/Content/EngineSounds/Master.uasset" 322
"../../../Engine/Content/EngineSounds/Master.uexp" 323
"../../../Engine/Content/Functions/Engine_MaterialFunctions01/Shading/PowerToRoughness.uasset" 324
"../../../Engine/Content/Functions/Engine_MaterialFunctions01/Shading/PowerToRoughness.uexp" 325
"../../../Engine/Content/MobileResources/HUD/VirtualJoystick_Background.uasset" 326
"../../../Engine/Content/MobileResources/HUD/VirtualJoystick_Background.uexp" 327
"../../../Engine/Content/MobileResources/HUD/VirtualJoystick_Thumb.uasset" 328
"../../../Engine/Content/MobileResources/HUD/VirtualJoystick_Thumb.uexp" 329
"../../../Engine/Content/MobileResources/HUD/DefaultVirtualJoysticks.uasset" 330
"../../../Engine/Content/MobileResources/HUD/DefaultVirtualJoysticks.uexp" 331
"../../../Engine/Plugins/2D/Paper2D/Content/PlaceholderTextures/DummySpriteTexture.ubulk" 332
"../../../Engine/Plugins/2D/Paper2D/Content/PlaceholderTextures/DummySpriteTexture.uasset" 333
"../../../Engine/Plugins/2D/Paper2D/Content/PlaceholderTextures/DummySpriteTexture.uexp" 334
"../../../Engine/Plugins/2D/Paper2D/Content/DefaultSpriteMaterial.uasset" 335
"../../../Engine/Plugins/2D/Paper2D/Content/DefaultSpriteMaterial.uexp" 336
"../../../Engine/Plugins/2D/Paper2D/Content/OpaqueUnlitSpriteMaterial.uasset" 337
"../../../Engine/Plugins/2D/Paper2D/Content/OpaqueUnlitSpriteMaterial.uexp" 338
"../../../Engine/Plugins/2D/Paper2D/Content/MaskedUnlitSpriteMaterial.uasset" 339
"../../../Engine/Plugins/2D/Paper2D/Content/MaskedUnlitSpriteMaterial.uexp" 340
"../../../Engine/Plugins/2D/Paper2D/Content/DummySprite.uasset" 341
"../../../Engine/Plugins/2D/Paper2D/Content/DummySprite.uexp" 342
"../../../Engine/Plugins/2D/Paper2D/Content/DefaultPaperTerrainMaterial.uasset" 343
"../../../Engine/Plugins/2D/Paper2D/Content/DefaultPaperTerrainMaterial.uexp" 344
"../../../Engine/Plugins/Animation/ControlRig/Content/M_Manip.uasset" 345
"../../../Engine/Plugins/Animation/ControlRig/Content/M_Manip.uexp" 346
"../../../Engine/Plugins/Animation/ControlRig/Content/Controls/DefaultGizmoLibraryNormalized.uasset" 347
"../../../Engine/Plugins/Animation/ControlRig/Content/Controls/DefaultGizmoLibraryNormalized.uexp" 348
"../../../Engine/Plugins/Animation/ControlRig/Content/Controls/ControlRig_Wedge_solid.ubulk" 349
"../../../Engine/Plugins/Animation/ControlRig/Content/Controls/ControlRig_Wedge_solid.uasset" 350
"../../../Engine/Plugins/Animation/ControlRig/Content/Controls/ControlRig_Wedge_solid.uexp" 351
"../../../Engine/Plugins/Animation/ControlRig/Content/Controls/ControlRig_Wedge_3mm.ubulk" 352
"../../../Engine/Plugins/Animation/ControlRig/Content/Controls/ControlRig_Wedge_3mm.uasset" 353
"../../../Engine/Plugins/Animation/ControlRig/Content/Controls/ControlRig_Wedge_3mm.uexp" 354
"../../../Engine/Plugins/Animation/ControlRig/Content/Controls/ControlRig_Wedge_1mm.ubulk" 355
"../../../Engine/Plugins/Animation/ControlRig/Content/Controls/ControlRig_Wedge_1mm.uasset" 356
"../../../Engine/Plugins/Animation/ControlRig/Content/Controls/ControlRig_Wedge_1mm.uexp" 357
"../../../Engine/Plugins/Animation/ControlRig/Content/Controls/ControlRig_Triangle_solid.ubulk" 358
"../../../Engine/Plugins/Animation/ControlRig/Content/Controls/ControlRig_Triangle_solid.uasset" 359
"../../../Engine/Plugins/Animation/ControlRig/Content/Controls/ControlRig_Triangle_solid.uexp" 360
"../../../Engine/Plugins/Animation/ControlRig/Content/Controls/ControlRig_Triangle_3mm.ubulk" 361
"../../../Engine/Plugins/Animation/ControlRig/Content/Controls/ControlRig_Triangle_3mm.uasset" 362
"../../../Engine/Plugins/Animation/ControlRig/Content/Controls/ControlRig_Triangle_3mm.uexp" 363
"../../../Engine/Plugins/Animation/ControlRig/Content/Controls/ControlRig_Triangle_1mm.ubulk" 364
"../../../Engine/Plugins/Animation/ControlRig/Content/Controls/ControlRig_Triangle_1mm.uasset" 365
"../../../Engine/Plugins/Animation/ControlRig/Content/Controls/ControlRig_Triangle_1mm.uexp" 366
"../../../Engine/Plugins/Animation/ControlRig/Content/Controls/ControlRig_Star4_solid.ubulk" 367
"../../../Engine/Plugins/Animation/ControlRig/Content/Controls/ControlRig_Star4_solid.uasset" 368
"../../../Engine/Plugins/Animation/ControlRig/Content/Controls/ControlRig_Star4_solid.uexp" 369
"../../../Engine/Plugins/Animation/ControlRig/Content/Controls/ControlRig_Star4_3mm.ubulk" 370
"../../../Engine/Plugins/Animation/ControlRig/Content/Controls/ControlRig_Star4_3mm.uasset" 371
"../../../Engine/Plugins/Animation/ControlRig/Content/Controls/ControlRig_Star4_3mm.uexp" 372
"../../../Engine/Plugins/Animation/ControlRig/Content/Controls/ControlRig_Star4_1mm.ubulk" 373
"../../../Engine/Plugins/Animation/ControlRig/Content/Controls/ControlRig_Star4_1mm.uasset" 374
"../../../Engine/Plugins/Animation/ControlRig/Content/Controls/ControlRig_Star4_1mm.uexp" 375
"../../../Engine/Plugins/Animation/ControlRig/Content/Controls/ControlRig_Square_solid.ubulk" 376
"../../../Engine/Plugins/Animation/ControlRig/Content/Controls/ControlRig_Square_solid.uasset" 377
"../../../Engine/Plugins/Animation/ControlRig/Content/Controls/ControlRig_Square_solid.uexp" 378
"../../../Engine/Plugins/Animation/ControlRig/Content/Controls/ControlRig_Square_3mm.ubulk" 379
"../../../Engine/Plugins/Animation/ControlRig/Content/Controls/ControlRig_Square_3mm.uasset" 380
"../../../Engine/Plugins/Animation/ControlRig/Content/Controls/ControlRig_Square_3mm.uexp" 381
"../../../Engine/Plugins/Animation/ControlRig/Content/Controls/ControlRig_Square_1mm.ubulk" 382
"../../../Engine/Plugins/Animation/ControlRig/Content/Controls/ControlRig_Square_1mm.uasset" 383
"../../../Engine/Plugins/Animation/ControlRig/Content/Controls/ControlRig_Square_1mm.uexp" 384
"../../../Engine/Plugins/Animation/ControlRig/Content/Controls/ControlRig_Sphere_solid.ubulk" 385
"../../../Engine/Plugins/Animation/ControlRig/Content/Controls/ControlRig_Sphere_solid.uasset" 386
"../../../Engine/Plugins/Animation/ControlRig/Content/Controls/ControlRig_Sphere_solid.uexp" 387
"../../../Engine/Plugins/Animation/ControlRig/Content/Controls/ControlRig_Sphere_3mm.ubulk" 388
"../../../Engine/Plugins/Animation/ControlRig/Content/Controls/ControlRig_Sphere_3mm.uasset" 389
"../../../Engine/Plugins/Animation/ControlRig/Content/Controls/ControlRig_Sphere_3mm.uexp" 390
"../../../Engine/Plugins/Animation/ControlRig/Content/Controls/ControlRig_Sphere_1mm.ubulk" 391
"../../../Engine/Plugins/Animation/ControlRig/Content/Controls/ControlRig_Sphere_1mm.uasset" 392
"../../../Engine/Plugins/Animation/ControlRig/Content/Controls/ControlRig_Sphere_1mm.uexp" 393
"../../../Engine/Plugins/Animation/ControlRig/Content/Controls/ControlRig_RoundedTriangle_solid.ubulk" 394
"../../../Engine/Plugins/Animation/ControlRig/Content/Controls/ControlRig_RoundedTriangle_solid.uasset" 395
"../../../Engine/Plugins/Animation/ControlRig/Content/Controls/ControlRig_RoundedTriangle_solid.uexp" 396
"../../../Engine/Plugins/Animation/ControlRig/Content/Controls/ControlRig_RoundedTriangle_3mm.ubulk" 397
"../../../Engine/Plugins/Animation/ControlRig/Content/Controls/ControlRig_RoundedTriangle_3mm.uasset" 398
"../../../Engine/Plugins/Animation/ControlRig/Content/Controls/ControlRig_RoundedTriangle_3mm.uexp" 399
"../../../Engine/Plugins/Animation/ControlRig/Content/Controls/ControlRig_RoundedTriangle_1mm.ubulk" 400
"../../../Engine/Plugins/Animation/ControlRig/Content/Controls/ControlRig_RoundedTriangle_1mm.uasset" 401
"../../../Engine/Plugins/Animation/ControlRig/Content/Controls/ControlRig_RoundedTriangle_1mm.uexp" 402
"../../../Engine/Plugins/Animation/ControlRig/Content/Controls/ControlRig_RoundedSquare_solid.ubulk" 403
"../../../Engine/Plugins/Animation/ControlRig/Content/Controls/ControlRig_RoundedSquare_solid.uasset" 404
"../../../Engine/Plugins/Animation/ControlRig/Content/Controls/ControlRig_RoundedSquare_solid.uexp" 405
"../../../Engine/Plugins/Animation/ControlRig/Content/Controls/ControlRig_RoundedSquare_3mm.ubulk" 406
"../../../Engine/Plugins/Animation/ControlRig/Content/Controls/ControlRig_RoundedSquare_3mm.uasset" 407
"../../../Engine/Plugins/Animation/ControlRig/Content/Controls/ControlRig_RoundedSquare_3mm.uexp" 408
"../../../Engine/Plugins/Animation/ControlRig/Content/Controls/ControlRig_RoundedSquare_1mm.ubulk" 409
"../../../Engine/Plugins/Animation/ControlRig/Content/Controls/ControlRig_RoundedSquare_1mm.uasset" 410
"../../../Engine/Plugins/Animation/ControlRig/Content/Controls/ControlRig_RoundedSquare_1mm.uexp" 411
"../../../Engine/Plugins/Animation/ControlRig/Content/Controls/ControlRig_QuarterCircle_solid.ubulk" 412
"../../../Engine/Plugins/Animation/ControlRig/Content/Controls/ControlRig_QuarterCircle_solid.uasset" 413
"../../../Engine/Plugins/Animation/ControlRig/Content/Controls/ControlRig_QuarterCircle_solid.uexp" 414
"../../../Engine/Plugins/Animation/ControlRig/Content/Controls/ControlRig_QuarterCircle_3mm.ubulk" 415
"../../../Engine/Plugins/Animation/ControlRig/Content/Controls/ControlRig_QuarterCircle_3mm.uasset" 416
"../../../Engine/Plugins/Animation/ControlRig/Content/Controls/ControlRig_QuarterCircle_3mm.uexp" 417
"../../../Engine/Plugins/Animation/ControlRig/Content/Controls/ControlRig_QuarterCircle_1mm.ubulk" 418
"../../../Engine/Plugins/Animation/ControlRig/Content/Controls/ControlRig_QuarterCircle_1mm.uasset" 419
"../../../Engine/Plugins/Animation/ControlRig/Content/Controls/ControlRig_QuarterCircle_1mm.uexp" 420
"../../../Engine/Plugins/Animation/ControlRig/Content/Controls/ControlRig_Pyramid_solid.ubulk" 421
"../../../Engine/Plugins/Animation/ControlRig/Content/Controls/ControlRig_Pyramid_solid.uasset" 422
"../../../Engine/Plugins/Animation/ControlRig/Content/Controls/ControlRig_Pyramid_solid.uexp" 423
"../../../Engine/Plugins/Animation/ControlRig/Content/Controls/ControlRig_Pyramid_3mm.ubulk" 424
"../../../Engine/Plugins/Animation/ControlRig/Content/Controls/ControlRig_Pyramid_3mm.uasset" 425
"../../../Engine/Plugins/Animation/ControlRig/Content/Controls/ControlRig_Pyramid_3mm.uexp" 426
"../../../Engine/Plugins/Animation/ControlRig/Content/Controls/ControlRig_Pyramid_1mm.ubulk" 427
"../../../Engine/Plugins/Animation/ControlRig/Content/Controls/ControlRig_Pyramid_1mm.uasset" 428
"../../../Engine/Plugins/Animation/ControlRig/Content/Controls/ControlRig_Pyramid_1mm.uexp" 429
"../../../Engine/Plugins/Animation/ControlRig/Content/Controls/ControlRig_Octagon_solid.ubulk" 430
"../../../Engine/Plugins/Animation/ControlRig/Content/Controls/ControlRig_Octagon_solid.uasset" 431
"../../../Engine/Plugins/Animation/ControlRig/Content/Controls/ControlRig_Octagon_solid.uexp" 432
"../../../Engine/Plugins/Animation/ControlRig/Content/Controls/ControlRig_Octagon_3mm.ubulk" 433
"../../../Engine/Plugins/Animation/ControlRig/Content/Controls/ControlRig_Octagon_3mm.uasset" 434
"../../../Engine/Plugins/Animation/ControlRig/Content/Controls/ControlRig_Octagon_3mm.uexp" 435
"../../../Engine/Plugins/Animation/ControlRig/Content/Controls/ControlRig_Octagon_1mm.ubulk" 436
"../../../Engine/Plugins/Animation/ControlRig/Content/Controls/ControlRig_Octagon_1mm.uasset" 437
"../../../Engine/Plugins/Animation/ControlRig/Content/Controls/ControlRig_Octagon_1mm.uexp" 438
"../../../Engine/Plugins/Animation/ControlRig/Content/Controls/ControlRig_Hexagon_solid.ubulk" 439
"../../../Engine/Plugins/Animation/ControlRig/Content/Controls/ControlRig_Hexagon_solid.uasset" 440
"../../../Engine/Plugins/Animation/ControlRig/Content/Controls/ControlRig_Hexagon_solid.uexp" 441
"../../../Engine/Plugins/Animation/ControlRig/Content/Controls/ControlRig_Hexagon_3mm.ubulk" 442
"../../../Engine/Plugins/Animation/ControlRig/Content/Controls/ControlRig_Hexagon_3mm.uasset" 443
"../../../Engine/Plugins/Animation/ControlRig/Content/Controls/ControlRig_Hexagon_3mm.uexp" 444
"../../../Engine/Plugins/Animation/ControlRig/Content/Controls/ControlRig_Hexagon_1mm.ubulk" 445
"../../../Engine/Plugins/Animation/ControlRig/Content/Controls/ControlRig_Hexagon_1mm.uasset" 446
"../../../Engine/Plugins/Animation/ControlRig/Content/Controls/ControlRig_Hexagon_1mm.uexp" 447
"../../../Engine/Plugins/Animation/ControlRig/Content/Controls/ControlRig_HalfCircle_solid.ubulk" 448
"../../../Engine/Plugins/Animation/ControlRig/Content/Controls/ControlRig_HalfCircle_solid.uasset" 449
"../../../Engine/Plugins/Animation/ControlRig/Content/Controls/ControlRig_HalfCircle_solid.uexp" 450
"../../../Engine/Plugins/Animation/ControlRig/Content/Controls/ControlRig_HalfCircle_3mm.ubulk" 451
"../../../Engine/Plugins/Animation/ControlRig/Content/Controls/ControlRig_HalfCircle_3mm.uasset" 452
"../../../Engine/Plugins/Animation/ControlRig/Content/Controls/ControlRig_HalfCircle_3mm.uexp" 453
"../../../Engine/Plugins/Animation/ControlRig/Content/Controls/ControlRig_HalfCircle_1mm.ubulk" 454
"../../../Engine/Plugins/Animation/ControlRig/Content/Controls/ControlRig_HalfCircle_1mm.uasset" 455
"../../../Engine/Plugins/Animation/ControlRig/Content/Controls/ControlRig_HalfCircle_1mm.uexp" 456
"../../../Engine/Plugins/Animation/ControlRig/Content/Controls/ControlRig_Diamond_solid.ubulk" 457
"../../../Engine/Plugins/Animation/ControlRig/Content/Controls/ControlRig_Diamond_solid.uasset" 458
"../../../Engine/Plugins/Animation/ControlRig/Content/Controls/ControlRig_Diamond_solid.uexp" 459
"../../../Engine/Plugins/Animation/ControlRig/Content/Controls/ControlRig_Diamond_3mm.ubulk" 460
"../../../Engine/Plugins/Animation/ControlRig/Content/Controls/ControlRig_Diamond_3mm.uasset" 461
"../../../Engine/Plugins/Animation/ControlRig/Content/Controls/ControlRig_Diamond_3mm.uexp" 462
"../../../Engine/Plugins/Animation/ControlRig/Content/Controls/ControlRig_Diamond_1mm.ubulk" 463
"../../../Engine/Plugins/Animation/ControlRig/Content/Controls/ControlRig_Diamond_1mm.uasset" 464
"../../../Engine/Plugins/Animation/ControlRig/Content/Controls/ControlRig_Diamond_1mm.uexp" 465
"../../../Engine/Plugins/Animation/ControlRig/Content/Controls/ControlRig_Circle_solid.ubulk" 466
"../../../Engine/Plugins/Animation/ControlRig/Content/Controls/ControlRig_Circle_solid.uasset" 467
"../../../Engine/Plugins/Animation/ControlRig/Content/Controls/ControlRig_Circle_solid.uexp" 468
"../../../Engine/Plugins/Animation/ControlRig/Content/Controls/ControlRig_Circle_3mm.ubulk" 469
"../../../Engine/Plugins/Animation/ControlRig/Content/Controls/ControlRig_Circle_3mm.uasset" 470
"../../../Engine/Plugins/Animation/ControlRig/Content/Controls/ControlRig_Circle_3mm.uexp" 471
"../../../Engine/Plugins/Animation/ControlRig/Content/Controls/ControlRig_Circle_1mm.ubulk" 472
"../../../Engine/Plugins/Animation/ControlRig/Content/Controls/ControlRig_Circle_1mm.uasset" 473
"../../../Engine/Plugins/Animation/ControlRig/Content/Controls/ControlRig_Circle_1mm.uexp" 474
"../../../Engine/Plugins/Animation/ControlRig/Content/Controls/ControlRig_Box_solid.ubulk" 475
"../../../Engine/Plugins/Animation/ControlRig/Content/Controls/ControlRig_Box_solid.uasset" 476
"../../../Engine/Plugins/Animation/ControlRig/Content/Controls/ControlRig_Box_solid.uexp" 477
"../../../Engine/Plugins/Animation/ControlRig/Content/Controls/ControlRig_Box_3mm.ubulk" 478
"../../../Engine/Plugins/Animation/ControlRig/Content/Controls/ControlRig_Box_3mm.uasset" 479
"../../../Engine/Plugins/Animation/ControlRig/Content/Controls/ControlRig_Box_3mm.uexp" 480
"../../../Engine/Plugins/Animation/ControlRig/Content/Controls/ControlRig_Box_1mm.ubulk" 481
"../../../Engine/Plugins/Animation/ControlRig/Content/Controls/ControlRig_Box_1mm.uasset" 482
"../../../Engine/Plugins/Animation/ControlRig/Content/Controls/ControlRig_Box_1mm.uexp" 483
"../../../Engine/Plugins/Animation/ControlRig/Content/Controls/ControlRig_Arrow_solid.ubulk" 484
"../../../Engine/Plugins/Animation/ControlRig/Content/Controls/ControlRig_Arrow_solid.uasset" 485
"../../../Engine/Plugins/Animation/ControlRig/Content/Controls/ControlRig_Arrow_solid.uexp" 486
"../../../Engine/Plugins/Animation/ControlRig/Content/Controls/ControlRig_Arrow_3mm.ubulk" 487
"../../../Engine/Plugins/Animation/ControlRig/Content/Controls/ControlRig_Arrow_3mm.uasset" 488
"../../../Engine/Plugins/Animation/ControlRig/Content/Controls/ControlRig_Arrow_3mm.uexp" 489
"../../../Engine/Plugins/Animation/ControlRig/Content/Controls/ControlRig_Arrow_1mm.ubulk" 490
"../../../Engine/Plugins/Animation/ControlRig/Content/Controls/ControlRig_Arrow_1mm.uasset" 491
"../../../Engine/Plugins/Animation/ControlRig/Content/Controls/ControlRig_Arrow_1mm.uexp" 492
"../../../Engine/Plugins/Animation/ControlRig/Content/Controls/ControlRig_Arrow4_solid.ubulk" 493
"../../../Engine/Plugins/Animation/ControlRig/Content/Controls/ControlRig_Arrow4_solid.uasset" 494
"../../../Engine/Plugins/Animation/ControlRig/Content/Controls/ControlRig_Arrow4_solid.uexp" 495
"../../../Engine/Plugins/Animation/ControlRig/Content/Controls/ControlRig_Arrow4_3mm.ubulk" 496
"../../../Engine/Plugins/Animation/ControlRig/Content/Controls/ControlRig_Arrow4_3mm.uasset" 497
"../../../Engine/Plugins/Animation/ControlRig/Content/Controls/ControlRig_Arrow4_3mm.uexp" 498
"../../../Engine/Plugins/Animation/ControlRig/Content/Controls/ControlRig_Arrow4_1mm.ubulk" 499
"../../../Engine/Plugins/Animation/ControlRig/Content/Controls/ControlRig_Arrow4_1mm.uasset" 500
"../../../Engine/Plugins/Animation/ControlRig/Content/Controls/ControlRig_Arrow4_1mm.uexp" 501
"../../../Engine/Plugins/Animation/ControlRig/Content/Controls/ControlRig_Arrow2_solid.ubulk" 502
"../../../Engine/Plugins/Animation/ControlRig/Content/Controls/ControlRig_Arrow2_solid.uasset" 503
"../../../Engine/Plugins/Animation/ControlRig/Content/Controls/ControlRig_Arrow2_solid.uexp" 504
"../../../Engine/Plugins/Animation/ControlRig/Content/Controls/ControlRig_Arrow2_3mm.ubulk" 505
"../../../Engine/Plugins/Animation/ControlRig/Content/Controls/ControlRig_Arrow2_3mm.uasset" 506
"../../../Engine/Plugins/Animation/ControlRig/Content/Controls/ControlRig_Arrow2_3mm.uexp" 507
"../../../Engine/Plugins/Animation/ControlRig/Content/Controls/ControlRig_Arrow2_1mm.ubulk" 508
"../../../Engine/Plugins/Animation/ControlRig/Content/Controls/ControlRig_Arrow2_1mm.uasset" 509
"../../../Engine/Plugins/Animation/ControlRig/Content/Controls/ControlRig_Arrow2_1mm.uexp" 510
"../../../Engine/Plugins/Animation/ControlRig/Content/Controls/ControlRigXRayMaterial.uasset" 511
"../../../Engine/Plugins/Animation/ControlRig/Content/Controls/ControlRigXRayMaterial.uexp" 512
"../../../Engine/Plugins/Animation/ControlRig/Content/Controls/ControlRigGizmoMaterial.uasset" 513
"../../../Engine/Plugins/Animation/ControlRig/Content/Controls/ControlRigGizmoMaterial.uexp" 514
"../../../Engine/Plugins/Editor/SpeedTreeImporter/Content/SpeedTree9/game_wind_noise.ubulk" 515
"../../../Engine/Plugins/Editor/SpeedTreeImporter/Content/SpeedTree9/game_wind_noise.uasset" 516
"../../../Engine/Plugins/Editor/SpeedTreeImporter/Content/SpeedTree9/game_wind_noise.uexp" 517
"../../../Engine/Plugins/Editor/SpeedTreeImporter/Content/SpeedTree9/UnpackDirection.uasset" 518
"../../../Engine/Plugins/Editor/SpeedTreeImporter/Content/SpeedTree9/UnpackDirection.uexp" 519
"../../../Engine/Content/Functions/Engine_MaterialFunctions02/ObjectLocalBounds.uasset" 520
"../../../Engine/Content/Functions/Engine_MaterialFunctions02/ObjectLocalBounds.uexp" 521
"../../../Engine/Content/Functions/Engine_MaterialFunctions02/UVs/BoundingBoxBased_0-1_UVW.uasset" 522
"../../../Engine/Content/Functions/Engine_MaterialFunctions02/UVs/BoundingBoxBased_0-1_UVW.uexp" 523
"../../../Engine/Content/Functions/Engine_MaterialFunctions02/Utility/VectorLength.uasset" 524
"../../../Engine/Content/Functions/Engine_MaterialFunctions02/Utility/VectorLength.uexp" 525
"../../../Engine/Plugins/Editor/SpeedTreeImporter/Content/SpeedTree9/UnpackInteger3.uasset" 526
"../../../Engine/Plugins/Editor/SpeedTreeImporter/Content/SpeedTree9/UnpackInteger3.uexp" 527
"../../../Engine/Plugins/Editor/SpeedTreeImporter/Content/SpeedTree9/SpeedTreeCameraFacing.uasset" 528
"../../../Engine/Plugins/Editor/SpeedTreeImporter/Content/SpeedTree9/SpeedTreeCameraFacing.uexp" 529
"../../../Engine/Content/Functions/Engine_MaterialFunctions02/WorldPositionOffset/ObjectScale.uasset" 530
"../../../Engine/Content/Functions/Engine_MaterialFunctions02/WorldPositionOffset/ObjectScale.uexp" 531
"../../../Engine/Content/Functions/Engine_MaterialFunctions02/SafeNormalize.uasset" 532
"../../../Engine/Content/Functions/Engine_MaterialFunctions02/SafeNormalize.uexp" 533
"../../../Engine/Plugins/Editor/SpeedTreeImporter/Content/SpeedTree9/SpeedTreeWindMotion.uasset" 534
"../../../Engine/Plugins/Editor/SpeedTreeImporter/Content/SpeedTree9/SpeedTreeWindMotion.uexp" 535
"../../../Engine/Plugins/Editor/SpeedTreeImporter/Content/SpeedTree9/SpeedTreeBranchMotion.uasset" 536
"../../../Engine/Plugins/Editor/SpeedTreeImporter/Content/SpeedTree9/SpeedTreeBranchMotion.uexp" 537
"../../../Engine/Plugins/Editor/SpeedTreeImporter/Content/SpeedTree9/SpeedTreeWind.uasset" 538
"../../../Engine/Plugins/Editor/SpeedTreeImporter/Content/SpeedTree9/SpeedTreeWind.uexp" 539
"../../../Engine/Plugins/Editor/SpeedTreeImporter/Content/SpeedTree9/EmptyNormal.uasset" 540
"../../../Engine/Plugins/Editor/SpeedTreeImporter/Content/SpeedTree9/EmptyNormal.uexp" 541
"../../../Engine/Plugins/Editor/SpeedTreeImporter/Content/SpeedTree9/Empty.uasset" 542
"../../../Engine/Plugins/Editor/SpeedTreeImporter/Content/SpeedTree9/Empty.uexp" 543
"../../../Engine/Plugins/Editor/SpeedTreeImporter/Content/SpeedTree9/SpeedTreeMaster.uasset" 544
"../../../Engine/Plugins/Editor/SpeedTreeImporter/Content/SpeedTree9/SpeedTreeMaster.uexp" 545
"../../../Engine/Plugins/Editor/SpeedTreeImporter/Content/SpeedTree9/SpeedTreeBillboard.uasset" 546
"../../../Engine/Plugins/Editor/SpeedTreeImporter/Content/SpeedTree9/SpeedTreeBillboard.uexp" 547
"../../../Engine/Plugins/Editor/SpeedTreeImporter/Content/SpeedTree9/SpeedTreeBillboardMaster.uasset" 548
"../../../Engine/Plugins/Editor/SpeedTreeImporter/Content/SpeedTree9/SpeedTreeBillboardMaster.uexp" 549
"../../../Engine/Content/Functions/Engine_MaterialFunctions02/Texturing/CustomRotator.uasset" 550
"../../../Engine/Content/Functions/Engine_MaterialFunctions02/Texturing/CustomRotator.uexp" 551
"../../../Engine/Content/Functions/Engine_MaterialFunctions02/Texturing/ScreenAlignedPixelToPixelUVs.uasset" 552
"../../../Engine/Content/Functions/Engine_MaterialFunctions02/Texturing/ScreenAlignedPixelToPixelUVs.uexp" 553
"../../../Engine/Plugins/Interchange/Runtime/Content/Utilities/T_Bayer64_Grayscale_64px.uasset" 554
"../../../Engine/Plugins/Interchange/Runtime/Content/Utilities/T_Bayer64_Grayscale_64px.uexp" 555
"../../../Engine/Plugins/Interchange/Runtime/Content/gltf/MaterialFunctions/MF_Temporal_Blur.uasset" 556
"../../../Engine/Plugins/Interchange/Runtime/Content/gltf/MaterialFunctions/MF_Temporal_Blur.uexp" 557
"../../../Engine/Plugins/Interchange/Runtime/Content/gltf/MaterialFunctions/MF_Fresnel_DS.uasset" 558
"../../../Engine/Plugins/Interchange/Runtime/Content/gltf/MaterialFunctions/MF_Fresnel_DS.uexp" 559
"../../../Engine/Plugins/Interchange/Runtime/Content/Functions/MX_Transmission.uasset" 560
"../../../Engine/Plugins/Interchange/Runtime/Content/Functions/MX_Transmission.uexp" 561
"../../../Engine/Plugins/Interchange/Runtime/Content/Functions/MF_OrenNayerView.uasset" 562
"../../../Engine/Plugins/Interchange/Runtime/Content/Functions/MF_OrenNayerView.uexp" 563
"../../../Engine/Plugins/Interchange/Runtime/Content/Functions/MF_SchlickApprox.uasset" 564
"../../../Engine/Plugins/Interchange/Runtime/Content/Functions/MF_SchlickApprox.uexp" 565
"../../../Engine/Plugins/Interchange/Runtime/Content/Utilities/New_LUT.uasset" 566
"../../../Engine/Plugins/Interchange/Runtime/Content/Utilities/New_LUT.uexp" 567
"../../../Engine/Content/Functions/Engine_MaterialFunctions03/Math/RemapValueRange.uasset" 568
"../../../Engine/Content/Functions/Engine_MaterialFunctions03/Math/RemapValueRange.uexp" 569
"../../../Engine/Plugins/Interchange/Runtime/Content/Functions/MF_Iridescence.uasset" 570
"../../../Engine/Plugins/Interchange/Runtime/Content/Functions/MF_Iridescence.uexp" 571
"../../../Engine/Plugins/Interchange/Runtime/Content/Functions/MX_StandardSurface.uasset" 572
"../../../Engine/Plugins/Interchange/Runtime/Content/Functions/MX_StandardSurface.uexp" 573
"../../../Engine/Plugins/Interchange/Runtime/Content/Functions/MX_TransmissionSurface.uasset" 574
"../../../Engine/Plugins/Interchange/Runtime/Content/Functions/MX_TransmissionSurface.uexp" 575
"../../../Engine/Content/Functions/Engine_MaterialFunctions02/Math/AddComponents.uasset" 576
"../../../Engine/Content/Functions/Engine_MaterialFunctions02/Math/AddComponents.uexp" 577
"../../../Engine/Content/Functions/Engine_MaterialFunctions02/WorldPositionOffset/V2/ObjectScale.uasset" 578
"../../../Engine/Content/Functions/Engine_MaterialFunctions02/WorldPositionOffset/V2/ObjectScale.uexp" 579
"../../../Engine/Plugins/Interchange/Runtime/Content/gltf/MaterialFunctions/MF_TransmissionOpacity.uasset" 580
"../../../Engine/Plugins/Interchange/Runtime/Content/gltf/MaterialFunctions/MF_TransmissionOpacity.uexp" 581
"../../../Engine/Plugins/Interchange/Runtime/Content/gltf/MaterialFunctions/MF_RotateV2.uasset" 582
"../../../Engine/Plugins/Interchange/Runtime/Content/gltf/MaterialFunctions/MF_RotateV2.uexp" 583
"../../../Engine/Plugins/Interchange/Runtime/Content/gltf/MaterialFunctions/MF_TransformUVs.uasset" 584
"../../../Engine/Plugins/Interchange/Runtime/Content/gltf/MaterialFunctions/MF_TransformUVs.uexp" 585
"../../../Engine/Plugins/Interchange/Runtime/Content/gltf/Textures/T_White_srgb.uasset" 586
"../../../Engine/Plugins/Interchange/Runtime/Content/gltf/Textures/T_White_srgb.uexp" 587
"../../../Engine/Plugins/Interchange/Runtime/Content/gltf/MaterialFunctions/MF_BaseColor.uasset" 588
"../../../Engine/Plugins/Interchange/Runtime/Content/gltf/MaterialFunctions/MF_BaseColor.uexp" 589
"../../../Engine/Plugins/Interchange/Runtime/Content/gltf/MaterialFunctions/MF_DiffuseSpecGloss.uasset" 590
"../../../Engine/Plugins/Interchange/Runtime/Content/gltf/MaterialFunctions/MF_DiffuseSpecGloss.uexp" 591
"../../../Engine/Plugins/Interchange/Runtime/Content/gltf/Textures/T_White_Linear.uasset" 592
"../../../Engine/Plugins/Interchange/Runtime/Content/gltf/Textures/T_White_Linear.uexp" 593
"../../../Engine/Plugins/Interchange/Runtime/Content/gltf/MaterialFunctions/MF_MetallicRoughness.uasset" 594
"../../../Engine/Plugins/Interchange/Runtime/Content/gltf/MaterialFunctions/MF_MetallicRoughness.uexp" 595
"../../../Engine/Plugins/Interchange/Runtime/Content/gltf/MaterialFunctions/MF_Transmission.uasset" 596
"../../../Engine/Plugins/Interchange/Runtime/Content/gltf/MaterialFunctions/MF_Transmission.uexp" 597
"../../../Engine/Plugins/Interchange/Runtime/Content/gltf/MaterialFunctions/MF_Occlusion.uasset" 598
"../../../Engine/Plugins/Interchange/Runtime/Content/gltf/MaterialFunctions/MF_Occlusion.uexp" 599
"../../../Engine/Plugins/Interchange/Runtime/Content/gltf/MaterialFunctions/MF_Specular.uasset" 600
"../../../Engine/Plugins/Interchange/Runtime/Content/gltf/MaterialFunctions/MF_Specular.uexp" 601
"../../../Engine/Plugins/Interchange/Runtime/Content/gltf/MaterialFunctions/MF_IOR.uasset" 602
"../../../Engine/Plugins/Interchange/Runtime/Content/gltf/MaterialFunctions/MF_IOR.uexp" 603
"../../../Engine/Content/Functions/Engine_MaterialFunctions01/Texturing/FlattenNormal.uasset" 604
"../../../Engine/Content/Functions/Engine_MaterialFunctions01/Texturing/FlattenNormal.uexp" 605
"../../../Engine/Content/Functions/Engine_MaterialFunctions02/Math/Transform3x3Matrix.uasset" 606
"../../../Engine/Content/Functions/Engine_MaterialFunctions02/Math/Transform3x3Matrix.uexp" 607
"../../../Engine/Plugins/Interchange/Runtime/Content/gltf/MaterialFunctions/MF_RotateNormals_TS.uasset" 608
"../../../Engine/Plugins/Interchange/Runtime/Content/gltf/MaterialFunctions/MF_RotateNormals_TS.uexp" 609
"../../../Engine/Plugins/Interchange/Runtime/Content/gltf/Textures/T_Generic_N.uasset" 610
"../../../Engine/Plugins/Interchange/Runtime/Content/gltf/Textures/T_Generic_N.uexp" 611
"../../../Engine/Plugins/Interchange/Runtime/Content/gltf/MaterialFunctions/MF_Normals.uasset" 612
"../../../Engine/Plugins/Interchange/Runtime/Content/gltf/MaterialFunctions/MF_Normals.uexp" 613
"../../../Engine/Plugins/Interchange/Runtime/Content/gltf/MaterialFunctions/MF_PerceivedBrightness.uasset" 614
"../../../Engine/Plugins/Interchange/Runtime/Content/gltf/MaterialFunctions/MF_PerceivedBrightness.uexp" 615
"../../../Engine/Plugins/Interchange/Runtime/Content/gltf/MaterialFunctions/MF_SpecGlossToMetalRoughness.uasset" 616
"../../../Engine/Plugins/Interchange/Runtime/Content/gltf/MaterialFunctions/MF_SpecGlossToMetalRoughness.uexp" 617
"../../../Engine/Plugins/Interchange/Runtime/Content/gltf/M_Transmission.uasset" 618
"../../../Engine/Plugins/Interchange/Runtime/Content/gltf/M_Transmission.uexp" 619
"../../../Engine/Plugins/Interchange/Runtime/Content/gltf/MaterialInstances_MR/MI_Transmission_TS.uasset" 620
"../../../Engine/Plugins/Interchange/Runtime/Content/gltf/MaterialInstances_MR/MI_Transmission_TS.uexp" 621
"../../../Engine/Plugins/Interchange/Runtime/Content/gltf/MaterialInstances_MR/MI_Transmission.uasset" 622
"../../../Engine/Plugins/Interchange/Runtime/Content/gltf/MaterialInstances_MR/MI_Transmission.uexp" 623
"../../../Engine/Plugins/Interchange/Runtime/Content/gltf/MaterialFunctions/MF_Clearcoat.uasset" 624
"../../../Engine/Plugins/Interchange/Runtime/Content/gltf/MaterialFunctions/MF_Clearcoat.uexp" 625
"../../../Engine/Plugins/Interchange/Runtime/Content/gltf/MaterialFunctions/MF_Emissive.uasset" 626
"../../../Engine/Plugins/Interchange/Runtime/Content/gltf/MaterialFunctions/MF_Emissive.uexp" 627
"../../../Engine/Plugins/Interchange/Runtime/Content/gltf/M_Translucent.uasset" 628
"../../../Engine/Plugins/Interchange/Runtime/Content/gltf/M_Translucent.uexp" 629
"../../../Engine/Plugins/Interchange/Runtime/Content/gltf/MaterialInstances_MR/MI_Translucent_TS.uasset" 630
"../../../Engine/Plugins/Interchange/Runtime/Content/gltf/MaterialInstances_MR/MI_Translucent_TS.uexp" 631
"../../../Engine/Plugins/Interchange/Runtime/Content/gltf/MaterialInstances_MR/MI_Translucent_ClearCoat_TS.uasset" 632
"../../../Engine/Plugins/Interchange/Runtime/Content/gltf/MaterialInstances_MR/MI_Translucent_ClearCoat_TS.uexp" 633
"../../../Engine/Plugins/Interchange/Runtime/Content/gltf/MaterialInstances_MR/MI_Translucent_ClearCoat.uasset" 634
"../../../Engine/Plugins/Interchange/Runtime/Content/gltf/MaterialInstances_MR/MI_Translucent_ClearCoat.uexp" 635
"../../../Engine/Plugins/Interchange/Runtime/Content/gltf/MaterialInstances_MR/MI_Translucent.uasset" 636
"../../../Engine/Plugins/Interchange/Runtime/Content/gltf/MaterialInstances_MR/MI_Translucent.uexp" 637
"../../../Engine/Plugins/Interchange/Runtime/Content/gltf/M_Unlit.uasset" 638
"../../../Engine/Plugins/Interchange/Runtime/Content/gltf/M_Unlit.uexp" 639
"../../../Engine/Plugins/Interchange/Runtime/Content/gltf/MaterialInstances_MR/MI_Opaque_Unlit_TS.uasset" 640
"../../../Engine/Plugins/Interchange/Runtime/Content/gltf/MaterialInstances_MR/MI_Opaque_Unlit_TS.uexp" 641
"../../../Engine/Plugins/Interchange/Runtime/Content/gltf/MaterialInstances_MR/MI_Opaque_Unlit.uasset" 642
"../../../Engine/Plugins/Interchange/Runtime/Content/gltf/MaterialInstances_MR/MI_Opaque_Unlit.uexp" 643
"../../../Engine/Plugins/Interchange/Runtime/Content/gltf/M_Opaque.uasset" 644
"../../../Engine/Plugins/Interchange/Runtime/Content/gltf/M_Opaque.uexp" 645
"../../../Engine/Plugins/Interchange/Runtime/Content/gltf/MaterialInstances_MR/MI_Opaque_TS.uasset" 646
"../../../Engine/Plugins/Interchange/Runtime/Content/gltf/MaterialInstances_MR/MI_Opaque_TS.uexp" 647
"../../../Engine/Plugins/Interchange/Runtime/Content/gltf/MaterialFunctions/MF_Sheen.uasset" 648
"../../../Engine/Plugins/Interchange/Runtime/Content/gltf/MaterialFunctions/MF_Sheen.uexp" 649
"../../../Engine/Content/Functions/Engine_MaterialFunctions01/Shading/FuzzyShading.uasset" 650
"../../../Engine/Content/Functions/Engine_MaterialFunctions01/Shading/FuzzyShading.uexp" 651
"../../../Engine/Plugins/Interchange/Runtime/Content/gltf/M_Sheen.uasset" 652
"../../../Engine/Plugins/Interchange/Runtime/Content/gltf/M_Sheen.uexp" 653
"../../../Engine/Plugins/Interchange/Runtime/Content/gltf/MaterialInstances_MR/MI_Opaque_Sheen_TS.uasset" 654
"../../../Engine/Plugins/Interchange/Runtime/Content/gltf/MaterialInstances_MR/MI_Opaque_Sheen_TS.uexp" 655
"../../../Engine/Plugins/Interchange/Runtime/Content/gltf/MaterialInstances_MR/MI_Opaque_Sheen.uasset" 656
"../../../Engine/Plugins/Interchange/Runtime/Content/gltf/MaterialInstances_MR/MI_Opaque_Sheen.uexp" 657
"../../../Engine/Plugins/Interchange/Runtime/Content/gltf/MaterialInstances_MR/MI_Opaque_ClearCoat_TS.uasset" 658
"../../../Engine/Plugins/Interchange/Runtime/Content/gltf/MaterialInstances_MR/MI_Opaque_ClearCoat_TS.uexp" 659
"../../../Engine/Plugins/Interchange/Runtime/Content/gltf/MaterialInstances_MR/MI_Opaque_ClearCoat.uasset" 660
"../../../Engine/Plugins/Interchange/Runtime/Content/gltf/MaterialInstances_MR/MI_Opaque_ClearCoat.uexp" 661
"../../../Engine/Plugins/Interchange/Runtime/Content/gltf/MaterialInstances_MR/MI_Opaque.uasset" 662
"../../../Engine/Plugins/Interchange/Runtime/Content/gltf/MaterialInstances_MR/MI_Opaque.uexp" 663
"../../../Engine/Plugins/Interchange/Runtime/Content/gltf/MaterialInstances_SG/MI_Transmission_TS.uasset" 664
"../../../Engine/Plugins/Interchange/Runtime/Content/gltf/MaterialInstances_SG/MI_Transmission_TS.uexp" 665
"../../../Engine/Plugins/Interchange/Runtime/Content/gltf/MaterialInstances_SG/MI_Transmission.uasset" 666
"../../../Engine/Plugins/Interchange/Runtime/Content/gltf/MaterialInstances_SG/MI_Transmission.uexp" 667
"../../../Engine/Plugins/Interchange/Runtime/Content/gltf/MaterialInstances_SG/MI_Translucent_TS.uasset" 668
"../../../Engine/Plugins/Interchange/Runtime/Content/gltf/MaterialInstances_SG/MI_Translucent_TS.uexp" 669
"../../../Engine/Plugins/Interchange/Runtime/Content/gltf/MaterialInstances_SG/MI_Translucent_ClearCoat_TS.uasset" 670
"../../../Engine/Plugins/Interchange/Runtime/Content/gltf/MaterialInstances_SG/MI_Translucent_ClearCoat_TS.uexp" 671
"../../../Engine/Plugins/Interchange/Runtime/Content/gltf/MaterialInstances_SG/MI_Translucent_ClearCoat.uasset" 672
"../../../Engine/Plugins/Interchange/Runtime/Content/gltf/MaterialInstances_SG/MI_Translucent_ClearCoat.uexp" 673
"../../../Engine/Plugins/Interchange/Runtime/Content/gltf/MaterialInstances_SG/MI_Translucent.uasset" 674
"../../../Engine/Plugins/Interchange/Runtime/Content/gltf/MaterialInstances_SG/MI_Translucent.uexp" 675
"../../../Engine/Plugins/Interchange/Runtime/Content/gltf/MaterialInstances_SG/MI_Opaque_TS.uasset" 676
"../../../Engine/Plugins/Interchange/Runtime/Content/gltf/MaterialInstances_SG/MI_Opaque_TS.uexp" 677
"../../../Engine/Plugins/Interchange/Runtime/Content/gltf/MaterialInstances_SG/MI_Opaque_Sheen_TS.uasset" 678
"../../../Engine/Plugins/Interchange/Runtime/Content/gltf/MaterialInstances_SG/MI_Opaque_Sheen_TS.uexp" 679
"../../../Engine/Plugins/Interchange/Runtime/Content/gltf/MaterialInstances_SG/MI_Opaque_Sheen.uasset" 680
"../../../Engine/Plugins/Interchange/Runtime/Content/gltf/MaterialInstances_SG/MI_Opaque_Sheen.uexp" 681
"../../../Engine/Plugins/Interchange/Runtime/Content/gltf/MaterialInstances_SG/MI_Opaque_ClearCoat_TS.uasset" 682
"../../../Engine/Plugins/Interchange/Runtime/Content/gltf/MaterialInstances_SG/MI_Opaque_ClearCoat_TS.uexp" 683
"../../../Engine/Plugins/Interchange/Runtime/Content/gltf/MaterialInstances_SG/MI_Opaque_ClearCoat.uasset" 684
"../../../Engine/Plugins/Interchange/Runtime/Content/gltf/MaterialInstances_SG/MI_Opaque_ClearCoat.uexp" 685
"../../../Engine/Plugins/Interchange/Runtime/Content/gltf/MaterialInstances_SG/MI_Opaque.uasset" 686
"../../../Engine/Plugins/Interchange/Runtime/Content/gltf/MaterialInstances_SG/MI_Opaque.uexp" 687
"../../../Engine/Plugins/Interchange/Runtime/Content/gltf/Textures/T_Gray_Linear.uasset" 688
"../../../Engine/Plugins/Interchange/Runtime/Content/gltf/Textures/T_Gray_Linear.uexp" 689
"../../../Engine/Plugins/Interchange/Runtime/Content/gltf/Textures/T_Black_srgb.uasset" 690
"../../../Engine/Plugins/Interchange/Runtime/Content/gltf/Textures/T_Black_srgb.uexp" 691
"../../../Engine/Plugins/Interchange/Runtime/Content/Materials/UnlitMaterial.uasset" 692
"../../../Engine/Plugins/Interchange/Runtime/Content/Materials/UnlitMaterial.uexp" 693
"../../../Engine/Content/EngineMaterials/DefaultNormal.ubulk" 694
"../../../Engine/Content/EngineMaterials/DefaultNormal.uasset" 695
"../../../Engine/Content/EngineMaterials/DefaultNormal.uexp" 696
"../../../Engine/Plugins/Interchange/Runtime/Content/Materials/MapOrScalarFunction.uasset" 697
"../../../Engine/Plugins/Interchange/Runtime/Content/Materials/MapOrScalarFunction.uexp" 698
"../../../Engine/Plugins/Interchange/Runtime/Content/Materials/MapOrLinearColorFunction.uasset" 699
"../../../Engine/Plugins/Interchange/Runtime/Content/Materials/MapOrLinearColorFunction.uexp" 700
"../../../Engine/Plugins/Interchange/Runtime/Content/Materials/MapOrColorFunction.uasset" 701
"../../../Engine/Plugins/Interchange/Runtime/Content/Materials/MapOrColorFunction.uexp" 702
"../../../Engine/Plugins/Interchange/Runtime/Content/Materials/CommonMaterial.uasset" 703
"../../../Engine/Plugins/Interchange/Runtime/Content/Materials/CommonMaterial.uexp" 704
"../../../Engine/Plugins/Interchange/Runtime/Content/Materials/PBRSurfaceFunction.uasset" 705
"../../../Engine/Plugins/Interchange/Runtime/Content/Materials/PBRSurfaceFunction.uexp" 706
"../../../Engine/Plugins/Interchange/Runtime/Content/Materials/ThinTranslucentMaterial.uasset" 707
"../../../Engine/Plugins/Interchange/Runtime/Content/Materials/ThinTranslucentMaterial.uexp" 708
"../../../Engine/Plugins/Interchange/Runtime/Content/Materials/SubsurfaceMaterial.uasset" 709
"../../../Engine/Plugins/Interchange/Runtime/Content/Materials/SubsurfaceMaterial.uexp" 710
"../../../Engine/Plugins/Interchange/Runtime/Content/Materials/SheenMaterial.uasset" 711
"../../../Engine/Plugins/Interchange/Runtime/Content/Materials/SheenMaterial.uexp" 712
"../../../Engine/Content/Functions/Engine_MaterialFunctions01/Shading/ConvertFromDiffSpec.uasset" 713
"../../../Engine/Content/Functions/Engine_MaterialFunctions01/Shading/ConvertFromDiffSpec.uexp" 714
"../../../Engine/Plugins/Interchange/Runtime/Content/Materials/PhongSurfaceMaterial.uasset" 715
"../../../Engine/Plugins/Interchange/Runtime/Content/Materials/PhongSurfaceMaterial.uexp" 716
"../../../Engine/Plugins/Interchange/Runtime/Content/Materials/PBRSurfaceMaterial.uasset" 717
"../../../Engine/Plugins/Interchange/Runtime/Content/Materials/PBRSurfaceMaterial.uexp" 718
"../../../Engine/Content/EngineMaterials/FlatNormal.uasset" 719
"../../../Engine/Content/EngineMaterials/FlatNormal.uexp" 720
"../../../Engine/Content/EditorLandscapeResources/WhiteSquareTexture.uasset" 721
"../../../Engine/Content/EditorLandscapeResources/WhiteSquareTexture.uexp" 722
"../../../Engine/Plugins/Interchange/Runtime/Content/Materials/OrenNayerMaterial.uasset" 723
"../../../Engine/Plugins/Interchange/Runtime/Content/Materials/OrenNayerMaterial.uexp" 724
"../../../Engine/Plugins/Interchange/Runtime/Content/Materials/LambertSurfaceMaterial.uasset" 725
"../../../Engine/Plugins/Interchange/Runtime/Content/Materials/LambertSurfaceMaterial.uexp" 726
"../../../Engine/Plugins/Interchange/Runtime/Content/Materials/ClearCoatMaterial.uasset" 727
"../../../Engine/Plugins/Interchange/Runtime/Content/Materials/ClearCoatMaterial.uexp" 728
"../../../Engine/Plugins/Interchange/Runtime/Content/Pipelines/DefaultTexturePipeline.uasset" 729
"../../../Engine/Plugins/Interchange/Runtime/Content/Pipelines/DefaultTexturePipeline.uexp" 730
"../../../Engine/Plugins/Interchange/Runtime/Content/Pipelines/DefaultSceneLevelPipeline.uasset" 731
"../../../Engine/Plugins/Interchange/Runtime/Content/Pipelines/DefaultSceneLevelPipeline.uexp" 732
"../../../Engine/Plugins/Interchange/Runtime/Content/Pipelines/DefaultSceneAssetsPipeline.uasset" 733
"../../../Engine/Plugins/Interchange/Runtime/Content/Pipelines/DefaultSceneAssetsPipeline.uexp" 734
"../../../Engine/Plugins/Interchange/Runtime/Content/Pipelines/DefaultMaterialPipeline.uasset" 735
"../../../Engine/Plugins/Interchange/Runtime/Content/Pipelines/DefaultMaterialPipeline.uexp" 736
"../../../Engine/Plugins/Interchange/Runtime/Content/Pipelines/DefaultAssetsPipeline.uasset" 737
"../../../Engine/Plugins/Interchange/Runtime/Content/Pipelines/DefaultAssetsPipeline.uexp" 738
"../../../Engine/Plugins/Runtime/MeshModelingToolset/Content/Materials/M_DynamicMeshComponentVtxColor.uasset" 739
"../../../Engine/Plugins/Runtime/MeshModelingToolset/Content/Materials/M_DynamicMeshComponentVtxColor.uexp" 740
"C:/Users/Mike Wells/Documents/Unreal Projects/SpaceBattle/Content/DebugUI/DebugMenu.uasset" 741
"C:/Users/Mike Wells/Documents/Unreal Projects/SpaceBattle/Content/DebugUI/DebugMenu.uexp" 742
"../../../Engine/Content/EditorBlueprintResources/StandardMacros.uasset" 743
"../../../Engine/Content/EditorBlueprintResources/StandardMacros.uexp" 744
"C:/Users/Mike Wells/Documents/Unreal Projects/SpaceBattle/Content/DebugUI/MPDebugUI.uasset" 745
"C:/Users/Mike Wells/Documents/Unreal Projects/SpaceBattle/Content/DebugUI/MPDebugUI.uexp" 746
"C:/Users/Mike Wells/Documents/Unreal Projects/SpaceBattle/Content/DebugUI/DebugUI.uasset" 747
"C:/Users/Mike Wells/Documents/Unreal Projects/SpaceBattle/Content/DebugUI/DebugUI.uexp" 748
"C:/Users/Mike Wells/Documents/Unreal Projects/SpaceBattle/Content/GI_SpaceBattle.uasset" 749
"C:/Users/Mike Wells/Documents/Unreal Projects/SpaceBattle/Content/GI_SpaceBattle.uexp" 750
"../../../Engine/Content/Maps/Entry_BuiltData.uasset" 751
"../../../Engine/Content/Maps/Entry_BuiltData.uexp" 752
"../../../Engine/Content/Maps/Entry.uexp" 753
"../../../Engine/Content/Maps/Entry.umap" 754
"C:/Users/Mike Wells/Documents/Unreal Projects/SpaceBattle/Content/Levels/Game/Structs/GameRulesStruct.uasset" 755
"C:/Users/Mike Wells/Documents/Unreal Projects/SpaceBattle/Content/Levels/Game/Structs/GameRulesStruct.uexp" 756
"C:/Users/Mike Wells/Documents/Unreal Projects/SpaceBattle/Content/Levels/Game/Enums/EShipInteraction.uasset" 757
"C:/Users/Mike Wells/Documents/Unreal Projects/SpaceBattle/Content/Levels/Game/Enums/EShipInteraction.uexp" 758
"C:/Users/Mike Wells/Documents/Unreal Projects/SpaceBattle/Content/Levels/Game/UI/BPW_GameOverScreen.uasset" 759
"C:/Users/Mike Wells/Documents/Unreal Projects/SpaceBattle/Content/Levels/Game/UI/BPW_GameOverScreen.uexp" 760
"C:/Users/Mike Wells/Documents/Unreal Projects/SpaceBattle/Content/Levels/Game/Structs/ShipStatsStruct.uasset" 761
"C:/Users/Mike Wells/Documents/Unreal Projects/SpaceBattle/Content/Levels/Game/Structs/ShipStatsStruct.uexp" 762
"C:/Users/Mike Wells/Documents/Unreal Projects/SpaceBattle/Content/Levels/Game/Controllers/AI/BB_AI.uasset" 763
"C:/Users/Mike Wells/Documents/Unreal Projects/SpaceBattle/Content/Levels/Game/Controllers/AI/BB_AI.uexp" 764
"C:/Users/Mike Wells/Documents/Unreal Projects/SpaceBattle/Content/Levels/Game/Controllers/AI/BT_AI.uasset" 765
"C:/Users/Mike Wells/Documents/Unreal Projects/SpaceBattle/Content/Levels/Game/Controllers/AI/BT_AI.uexp" 766
"C:/Users/Mike Wells/Documents/Unreal Projects/SpaceBattle/Content/Libraries/FL_PrintLib.uasset" 767
"C:/Users/Mike Wells/Documents/Unreal Projects/SpaceBattle/Content/Libraries/FL_PrintLib.uexp" 768
"C:/Users/Mike Wells/Documents/Unreal Projects/SpaceBattle/Content/Levels/Game/Controllers/AI/AIC_AI.uasset" 769
"C:/Users/Mike Wells/Documents/Unreal Projects/SpaceBattle/Content/Levels/Game/Controllers/AI/AIC_AI.uexp" 770
"../../../Engine/Content/BasicShapes/Cube.ubulk" 771
"../../../Engine/Content/BasicShapes/Cube.uasset" 772
"../../../Engine/Content/BasicShapes/Cube.uexp" 773
"C:/Users/Mike Wells/Documents/Unreal Projects/SpaceBattle/Content/Levels/Game/Circle/AC_Circle.uasset" 774
"C:/Users/Mike Wells/Documents/Unreal Projects/SpaceBattle/Content/Levels/Game/Circle/AC_Circle.uexp" 775
"../../../Engine/Content/EditorResources/FieldNodes/_Resources/M_FieldRadiusPreview.uasset" 776
"../../../Engine/Content/EditorResources/FieldNodes/_Resources/M_FieldRadiusPreview.uexp" 777
"../../../Engine/Content/EditorResources/FieldNodes/_Resources/MI_FieldRadiusPreview.uasset" 778
"../../../Engine/Content/EditorResources/FieldNodes/_Resources/MI_FieldRadiusPreview.uexp" 779
"../../../Engine/Content/EditorResources/FieldNodes/_Resources/SM_FieldArrow.ubulk" 780
"../../../Engine/Content/EditorResources/FieldNodes/_Resources/SM_FieldArrow.uasset" 781
"../../../Engine/Content/EditorResources/FieldNodes/_Resources/SM_FieldArrow.uexp" 782
"../../../Engine/Content/BasicShapes/Cylinder.ubulk" 783
"../../../Engine/Content/BasicShapes/Cylinder.uasset" 784
"../../../Engine/Content/BasicShapes/Cylinder.uexp" 785
"C:/Users/Mike Wells/Documents/Unreal Projects/SpaceBattle/Content/Assets/Models/Asteroid1.ubulk" 786
"C:/Users/Mike Wells/Documents/Unreal Projects/SpaceBattle/Content/Assets/Models/Asteroid1.uasset" 787
"C:/Users/Mike Wells/Documents/Unreal Projects/SpaceBattle/Content/Assets/Models/Asteroid1.uexp" 788
"C:/Users/Mike Wells/Documents/Unreal Projects/SpaceBattle/Content/Levels/Game/Prototyping/BP_Obstacle.uasset" 789
"C:/Users/Mike Wells/Documents/Unreal Projects/SpaceBattle/Content/Levels/Game/Prototyping/BP_Obstacle.uexp" 790
"../../../Engine/Content/BasicShapes/BasicShapeMaterial.uasset" 791
"../../../Engine/Content/BasicShapes/BasicShapeMaterial.uexp" 792
"C:/Users/Mike Wells/Documents/Unreal Projects/SpaceBattle/Content/Levels/Game/Player/BP_PlayerState.uasset" 793
"C:/Users/Mike Wells/Documents/Unreal Projects/SpaceBattle/Content/Levels/Game/Player/BP_PlayerState.uexp" 794
"C:/Users/Mike Wells/Documents/Unreal Projects/SpaceBattle/Content/Levels/Game/GameMode/ML_Game.uasset" 795
"C:/Users/Mike Wells/Documents/Unreal Projects/SpaceBattle/Content/Levels/Game/GameMode/ML_Game.uexp" 796
"C:/Users/Mike Wells/Documents/Unreal Projects/SpaceBattle/Content/Levels/Game/Enums/EAttackStrength.uasset" 797
"C:/Users/Mike Wells/Documents/Unreal Projects/SpaceBattle/Content/Levels/Game/Enums/EAttackStrength.uexp" 798
"C:/Users/Mike Wells/Documents/Unreal Projects/SpaceBattle/Content/Prototyping/DevMaterials/Floor/grid.uasset" 799
"C:/Users/Mike Wells/Documents/Unreal Projects/SpaceBattle/Content/Prototyping/DevMaterials/Floor/grid.uexp" 800
"C:/Users/Mike Wells/Documents/Unreal Projects/SpaceBattle/Content/Prototyping/DevMaterials/Floor/M_DevFloor.uasset" 801
"C:/Users/Mike Wells/Documents/Unreal Projects/SpaceBattle/Content/Prototyping/DevMaterials/Floor/M_DevFloor.uexp" 802
"C:/Users/Mike Wells/Documents/Unreal Projects/SpaceBattle/Content/Prototyping/DevMaterials/Floor/M_DevFloor_Inst.uasset" 803
"C:/Users/Mike Wells/Documents/Unreal Projects/SpaceBattle/Content/Prototyping/DevMaterials/Floor/M_DevFloor_Inst.uexp" 804
"C:/Users/Mike Wells/Documents/Unreal Projects/SpaceBattle/Content/Levels/Game/Prototyping/BP_Floor.uasset" 805
"C:/Users/Mike Wells/Documents/Unreal Projects/SpaceBattle/Content/Levels/Game/Prototyping/BP_Floor.uexp" 806
"C:/Users/Mike Wells/Documents/Unreal Projects/SpaceBattle/Content/Levels/Game/GameMode/BP_GameState.uasset" 807
"C:/Users/Mike Wells/Documents/Unreal Projects/SpaceBattle/Content/Levels/Game/GameMode/BP_GameState.uexp" 808
"C:/Users/Mike Wells/Documents/Unreal Projects/SpaceBattle/Content/Levels/Game/Input/IA_AttackTarget_Click.uasset" 809
"C:/Users/Mike Wells/Documents/Unreal Projects/SpaceBattle/Content/Levels/Game/Input/IA_AttackTarget_Click.uexp" 810
"C:/Users/Mike Wells/Documents/Unreal Projects/SpaceBattle/Content/Levels/Game/Input/IA_MoveCamera.uasset" 811
"C:/Users/Mike Wells/Documents/Unreal Projects/SpaceBattle/Content/Levels/Game/Input/IA_MoveCamera.uexp" 812
"C:/Users/Mike Wells/Documents/Unreal Projects/SpaceBattle/Content/Levels/Game/Input/IMC_Player.uasset" 813
"C:/Users/Mike Wells/Documents/Unreal Projects/SpaceBattle/Content/Levels/Game/Input/IMC_Player.uexp" 814
"../../../Engine/Plugins/FX/Niagara/Content/Enums/ENiagara_MassInitializationMode.uasset" 815
"../../../Engine/Plugins/FX/Niagara/Content/Enums/ENiagara_MassInitializationMode.uexp" 816
"../../../Engine/Plugins/FX/Niagara/Content/Enums/ENiagara_PositionInitializationMode.uasset" 817
"../../../Engine/Plugins/FX/Niagara/Content/Enums/ENiagara_PositionInitializationMode.uexp" 818
"../../../Engine/Plugins/FX/Niagara/Content/Icons/Modules/T_Icon_Solver_LimitSpeed.uasset" 819
"../../../Engine/Plugins/FX/Niagara/Content/Icons/Modules/T_Icon_Solver_LimitSpeed.uexp" 820
"../../../Engine/Plugins/FX/Niagara/Content/Icons/Modules/T_Icon_Solver_RotationalSolve.uasset" 821
"../../../Engine/Plugins/FX/Niagara/Content/Icons/Modules/T_Icon_Solver_RotationalSolve.uexp" 822
"../../../Engine/Plugins/FX/Niagara/Content/Icons/Modules/T_Icon_Solver_LimitAccel.uasset" 823
"../../../Engine/Plugins/FX/Niagara/Content/Icons/Modules/T_Icon_Solver_LimitAccel.uexp" 824
"../../../Engine/Plugins/FX/Niagara/Content/Enums/ENiagara_SizeScaleMode.uasset" 825
"../../../Engine/Plugins/FX/Niagara/Content/Enums/ENiagara_SizeScaleMode.uexp" 826
"../../../Engine/Plugins/FX/Niagara/Content/Enums/ENiagara_UVFlippingMode.uasset" 827
"../../../Engine/Plugins/FX/Niagara/Content/Enums/ENiagara_UVFlippingMode.uexp" 828
"C:/Users/Mike Wells/Documents/Unreal Projects/SpaceBattle/Content/Cursor/T_Arrow.uasset" 829
"C:/Users/Mike Wells/Documents/Unreal Projects/SpaceBattle/Content/Cursor/T_Arrow.uexp" 830
"C:/Users/Mike Wells/Documents/Unreal Projects/SpaceBattle/Content/Cursor/M_Cursor.uasset" 831
"C:/Users/Mike Wells/Documents/Unreal Projects/SpaceBattle/Content/Cursor/M_Cursor.uexp" 832
"C:/Users/Mike Wells/Documents/Unreal Projects/SpaceBattle/Content/Cursor/SM_CursorMesh.ubulk" 833
"C:/Users/Mike Wells/Documents/Unreal Projects/SpaceBattle/Content/Cursor/SM_CursorMesh.uasset" 834
"C:/Users/Mike Wells/Documents/Unreal Projects/SpaceBattle/Content/Cursor/SM_CursorMesh.uexp" 835
"../../../Engine/Plugins/FX/Niagara/Content/Enums/ENiagaraRandomnessMode.uasset" 836
"../../../Engine/Plugins/FX/Niagara/Content/Enums/ENiagaraRandomnessMode.uexp" 837
"../../../Engine/Plugins/FX/Niagara/Content/Enums/ENiagaraRandomnessEvaluation.uasset" 838
"../../../Engine/Plugins/FX/Niagara/Content/Enums/ENiagaraRandomnessEvaluation.uexp" 839
"../../../Engine/Plugins/FX/Niagara/Content/Enums/Ribbons/ENiagara_UnsetDirectSetRandom.uasset" 840
"../../../Engine/Plugins/FX/Niagara/Content/Enums/Ribbons/ENiagara_UnsetDirectSetRandom.uexp" 841
"../../../Engine/Plugins/FX/Niagara/Content/Enums/ENiagara_LifetimeMode.uasset" 842
"../../../Engine/Plugins/FX/Niagara/Content/Enums/ENiagara_LifetimeMode.uexp" 843
"../../../Engine/Plugins/FX/Niagara/Content/Enums/Ribbons/ENiagara_UnsetDirectSet.uasset" 844
"../../../Engine/Plugins/FX/Niagara/Content/Enums/Ribbons/ENiagara_UnsetDirectSet.uexp" 845
"../../../Engine/Plugins/FX/Niagara/Content/Enums/ENiagara_SpriteRotationMode.uasset" 846
"../../../Engine/Plugins/FX/Niagara/Content/Enums/ENiagara_SpriteRotationMode.uexp" 847
"../../../Engine/Plugins/FX/Niagara/Content/Enums/ENiagara_ColorInitializationMode.uasset" 848
"../../../Engine/Plugins/FX/Niagara/Content/Enums/ENiagara_ColorInitializationMode.uexp" 849
"../../../Engine/Plugins/FX/Niagara/Content/Enums/ENiagaraChannelCorrelation.uasset" 850
"../../../Engine/Plugins/FX/Niagara/Content/Enums/ENiagaraChannelCorrelation.uexp" 851
"../../../Engine/Plugins/FX/Niagara/Content/Enums/ENiagaraEmitterLifeCycleMode.uasset" 852
"../../../Engine/Plugins/FX/Niagara/Content/Enums/ENiagaraEmitterLifeCycleMode.uexp" 853
"../../../Engine/Plugins/FX/Niagara/Content/Enums/ENiagara_InfiniteLoopDuration.uasset" 854
"../../../Engine/Plugins/FX/Niagara/Content/Enums/ENiagara_InfiniteLoopDuration.uexp" 855
"../../../Engine/Plugins/FX/Niagara/Content/Enums/ENiagara_EmitterStateOptions.uasset" 856
"../../../Engine/Plugins/FX/Niagara/Content/Enums/ENiagara_EmitterStateOptions.uexp" 857
"../../../Engine/Plugins/FX/Niagara/Content/Enums/ENiagaraInactiveMode.uasset" 858
"../../../Engine/Plugins/FX/Niagara/Content/Enums/ENiagaraInactiveMode.uexp" 859
"../../../Engine/Plugins/FX/Niagara/Content/Enums/ENiagaraExecutionStateManagement.uasset" 860
"../../../Engine/Plugins/FX/Niagara/Content/Enums/ENiagaraExecutionStateManagement.uexp" 861
"../../../Engine/Plugins/FX/Niagara/Content/Enums/ENiagaraEmitterScalabilityMode_Limited.uasset" 862
"../../../Engine/Plugins/FX/Niagara/Content/Enums/ENiagaraEmitterScalabilityMode_Limited.uexp" 863
"../../../Engine/Plugins/FX/Niagara/Content/Enums/ENiagaraSystemInactiveMode.uasset" 864
"../../../Engine/Plugins/FX/Niagara/Content/Enums/ENiagaraSystemInactiveMode.uexp" 865
"../../../Engine/Plugins/FX/Niagara/Content/Icons/Modules/T_Icon_Particle_InfiniteLife.uasset" 866
"../../../Engine/Plugins/FX/Niagara/Content/Icons/Modules/T_Icon_Particle_InfiniteLife.uexp" 867
"C:/Users/Mike Wells/Documents/Unreal Projects/SpaceBattle/Content/Cursor/FX_Cursor.uasset" 868
"C:/Users/Mike Wells/Documents/Unreal Projects/SpaceBattle/Content/Cursor/FX_Cursor.uexp" 869
"C:/Users/Mike Wells/Documents/Unreal Projects/SpaceBattle/Content/Libraries/FL_MouseLib.uasset" 870
"C:/Users/Mike Wells/Documents/Unreal Projects/SpaceBattle/Content/Libraries/FL_MouseLib.uexp" 871
"C:/Users/Mike Wells/Documents/Unreal Projects/SpaceBattle/Content/Levels/Game/Input/IA_SetDestination_Click.uasset" 872
"C:/Users/Mike Wells/Documents/Unreal Projects/SpaceBattle/Content/Levels/Game/Input/IA_SetDestination_Click.uexp" 873
"C:/Users/Mike Wells/Documents/Unreal Projects/SpaceBattle/Content/Levels/Game/Input/IMC_ShipMovement.uasset" 874
"C:/Users/Mike Wells/Documents/Unreal Projects/SpaceBattle/Content/Levels/Game/Input/IMC_ShipMovement.uexp" 875
"C:/Users/Mike Wells/Documents/Unreal Projects/SpaceBattle/Content/Levels/Game/Input/IMC_ShipAttack.uasset" 876
"C:/Users/Mike Wells/Documents/Unreal Projects/SpaceBattle/Content/Levels/Game/Input/IMC_ShipAttack.uexp" 877
"C:/Users/Mike Wells/Documents/Unreal Projects/SpaceBattle/Content/Levels/Game/Camera/BP_PlayerCameraManager.uasset" 878
"C:/Users/Mike Wells/Documents/Unreal Projects/SpaceBattle/Content/Levels/Game/Camera/BP_PlayerCameraManager.uexp" 879
"C:/Users/Mike Wells/Documents/Unreal Projects/SpaceBattle/Content/Levels/Game/Controllers/BP_PlayerController.uasset" 880
"C:/Users/Mike Wells/Documents/Unreal Projects/SpaceBattle/Content/Levels/Game/Controllers/BP_PlayerController.uexp" 881
"C:/Users/Mike Wells/Documents/Unreal Projects/SpaceBattle/Content/Levels/Game/BP_Game.uasset" 882
"C:/Users/Mike Wells/Documents/Unreal Projects/SpaceBattle/Content/Levels/Game/BP_Game.uexp" 883
"C:/Users/Mike Wells/Documents/Unreal Projects/SpaceBattle/Content/Levels/Game/Projectiles/BP_Projectile.uasset" 884
"C:/Users/Mike Wells/Documents/Unreal Projects/SpaceBattle/Content/Levels/Game/Projectiles/BP_Projectile.uexp" 885
"C:/Users/Mike Wells/Documents/Unreal Projects/SpaceBattle/Content/Levels/Game/UI/BPW_ShipStats.uasset" 886
"C:/Users/Mike Wells/Documents/Unreal Projects/SpaceBattle/Content/Levels/Game/UI/BPW_ShipStats.uexp" 887
"C:/Users/Mike Wells/Documents/Unreal Projects/SpaceBattle/Content/StarterContent/Textures/T_Smoke_SubUV.ubulk" 888
"C:/Users/Mike Wells/Documents/Unreal Projects/SpaceBattle/Content/StarterContent/Textures/T_Smoke_SubUV.uasset" 889
"C:/Users/Mike Wells/Documents/Unreal Projects/SpaceBattle/Content/StarterContent/Textures/T_Smoke_SubUV.uexp" 890
"C:/Users/Mike Wells/Documents/Unreal Projects/SpaceBattle/Content/StarterContent/Textures/T_Smoke_Tiled_D.ubulk" 891
"C:/Users/Mike Wells/Documents/Unreal Projects/SpaceBattle/Content/StarterContent/Textures/T_Smoke_Tiled_D.uasset" 892
"C:/Users/Mike Wells/Documents/Unreal Projects/SpaceBattle/Content/StarterContent/Textures/T_Smoke_Tiled_D.uexp" 893
"C:/Users/Mike Wells/Documents/Unreal Projects/SpaceBattle/Content/StarterContent/Particles/Materials/M_smoke_subUV.uasset" 894
"C:/Users/Mike Wells/Documents/Unreal Projects/SpaceBattle/Content/StarterContent/Particles/Materials/M_smoke_subUV.uexp" 895
"C:/Users/Mike Wells/Documents/Unreal Projects/SpaceBattle/Content/StarterContent/Textures/T_Burst_M.ubulk" 896
"C:/Users/Mike Wells/Documents/Unreal Projects/SpaceBattle/Content/StarterContent/Textures/T_Burst_M.uasset" 897
"C:/Users/Mike Wells/Documents/Unreal Projects/SpaceBattle/Content/StarterContent/Textures/T_Burst_M.uexp" 898
"C:/Users/Mike Wells/Documents/Unreal Projects/SpaceBattle/Content/StarterContent/Particles/Materials/M_Burst.uasset" 899
"C:/Users/Mike Wells/Documents/Unreal Projects/SpaceBattle/Content/StarterContent/Particles/Materials/M_Burst.uexp" 900
"C:/Users/Mike Wells/Documents/Unreal Projects/SpaceBattle/Content/StarterContent/Particles/Materials/m_flare_01.uasset" 901
"C:/Users/Mike Wells/Documents/Unreal Projects/SpaceBattle/Content/StarterContent/Particles/Materials/m_flare_01.uexp" 902
"C:/Users/Mike Wells/Documents/Unreal Projects/SpaceBattle/Content/StarterContent/Textures/T_Explosion_SubUV.ubulk" 903
"C:/Users/Mike Wells/Documents/Unreal Projects/SpaceBattle/Content/StarterContent/Textures/T_Explosion_SubUV.uasset" 904
"C:/Users/Mike Wells/Documents/Unreal Projects/SpaceBattle/Content/StarterContent/Textures/T_Explosion_SubUV.uexp" 905
"C:/Users/Mike Wells/Documents/Unreal Projects/SpaceBattle/Content/StarterContent/Particles/Materials/M_explosion_subUV.uasset" 906
"C:/Users/Mike Wells/Documents/Unreal Projects/SpaceBattle/Content/StarterContent/Particles/Materials/M_explosion_subUV.uexp" 907
"../../../Engine/Content/Functions/Engine_MaterialFunctions01/Gradient/RadialGradient.uasset" 908
"../../../Engine/Content/Functions/Engine_MaterialFunctions01/Gradient/RadialGradient.uexp" 909
"C:/Users/Mike Wells/Documents/Unreal Projects/SpaceBattle/Content/StarterContent/Particles/Materials/M_radial_ramp.uasset" 910
"C:/Users/Mike Wells/Documents/Unreal Projects/SpaceBattle/Content/StarterContent/Particles/Materials/M_radial_ramp.uexp" 911
"C:/Users/Mike Wells/Documents/Unreal Projects/SpaceBattle/Content/StarterContent/Particles/P_Explosion.uasset" 912
"C:/Users/Mike Wells/Documents/Unreal Projects/SpaceBattle/Content/StarterContent/Particles/P_Explosion.uexp" 913
"C:/Users/Mike Wells/Documents/Unreal Projects/SpaceBattle/Content/StarterContent/Audio/Explosion01.ubulk" 914
"C:/Users/Mike Wells/Documents/Unreal Projects/SpaceBattle/Content/StarterContent/Audio/Explosion01.uasset" 915
"C:/Users/Mike Wells/Documents/Unreal Projects/SpaceBattle/Content/StarterContent/Audio/Explosion01.uexp" 916
"C:/Users/Mike Wells/Documents/Unreal Projects/SpaceBattle/Content/StarterContent/Audio/Explosion02.ubulk" 917
"C:/Users/Mike Wells/Documents/Unreal Projects/SpaceBattle/Content/StarterContent/Audio/Explosion02.uasset" 918
"C:/Users/Mike Wells/Documents/Unreal Projects/SpaceBattle/Content/StarterContent/Audio/Explosion02.uexp" 919
"C:/Users/Mike Wells/Documents/Unreal Projects/SpaceBattle/Content/StarterContent/Audio/Explosion_Cue.uasset" 920
"C:/Users/Mike Wells/Documents/Unreal Projects/SpaceBattle/Content/StarterContent/Audio/Explosion_Cue.uexp" 921
"C:/Users/Mike Wells/Documents/Unreal Projects/SpaceBattle/Content/StarterContent/Blueprints/Blueprint_Effect_Explosion.uasset" 922
"C:/Users/Mike Wells/Documents/Unreal Projects/SpaceBattle/Content/StarterContent/Blueprints/Blueprint_Effect_Explosion.uexp" 923
"../../../Engine/Content/EngineMaterials/Widget3DPassThrough_Masked.uasset" 924
"../../../Engine/Content/EngineMaterials/Widget3DPassThrough_Masked.uexp" 925
"../../../Engine/Plugins/FX/Niagara/Content/DefaultAssets/M_Gnomon.uasset" 926
"../../../Engine/Plugins/FX/Niagara/Content/DefaultAssets/M_Gnomon.uexp" 927
"../../../Engine/Plugins/FX/Niagara/Content/DefaultAssets/S_Arrow.ubulk" 928
"../../../Engine/Plugins/FX/Niagara/Content/DefaultAssets/S_Arrow.uasset" 929
"../../../Engine/Plugins/FX/Niagara/Content/DefaultAssets/S_Arrow.uexp" 930
"C:/Users/Mike Wells/Documents/Unreal Projects/SpaceBattle/Content/StarterContent/Textures/T_Fire_Tiled_D.ubulk" 931
"C:/Users/Mike Wells/Documents/Unreal Projects/SpaceBattle/Content/StarterContent/Textures/T_Fire_Tiled_D.uasset" 932
"C:/Users/Mike Wells/Documents/Unreal Projects/SpaceBattle/Content/StarterContent/Textures/T_Fire_Tiled_D.uexp" 933
"C:/Users/Mike Wells/Documents/Unreal Projects/SpaceBattle/Content/StarterContent/Textures/T_Fire_SubUV.ubulk" 934
"C:/Users/Mike Wells/Documents/Unreal Projects/SpaceBattle/Content/StarterContent/Textures/T_Fire_SubUV.uasset" 935
"C:/Users/Mike Wells/Documents/Unreal Projects/SpaceBattle/Content/StarterContent/Textures/T_Fire_SubUV.uexp" 936
"C:/Users/Mike Wells/Documents/Unreal Projects/SpaceBattle/Content/StarterContent/Particles/Materials/M_Fire_SubUV.uasset" 937
"C:/Users/Mike Wells/Documents/Unreal Projects/SpaceBattle/Content/StarterContent/Particles/Materials/M_Fire_SubUV.uexp" 938
"C:/Users/Mike Wells/Documents/Unreal Projects/SpaceBattle/Content/StarterContent/Textures/T_Water_N.ubulk" 939
"C:/Users/Mike Wells/Documents/Unreal Projects/SpaceBattle/Content/StarterContent/Textures/T_Water_N.uasset" 940
"C:/Users/Mike Wells/Documents/Unreal Projects/SpaceBattle/Content/StarterContent/Textures/T_Water_N.uexp" 941
"C:/Users/Mike Wells/Documents/Unreal Projects/SpaceBattle/Content/StarterContent/Particles/Materials/M_Heat_Distortion.uasset" 942
"C:/Users/Mike Wells/Documents/Unreal Projects/SpaceBattle/Content/StarterContent/Particles/Materials/M_Heat_Distortion.uexp" 943
"C:/Users/Mike Wells/Documents/Unreal Projects/SpaceBattle/Content/StarterContent/Particles/Materials/M_Radial_Gradient.uasset" 944
"C:/Users/Mike Wells/Documents/Unreal Projects/SpaceBattle/Content/StarterContent/Particles/Materials/M_Radial_Gradient.uexp" 945
"C:/Users/Mike Wells/Documents/Unreal Projects/SpaceBattle/Content/StarterContent/Particles/P_Fire.uasset" 946
"C:/Users/Mike Wells/Documents/Unreal Projects/SpaceBattle/Content/StarterContent/Particles/P_Fire.uexp" 947
"C:/Users/Mike Wells/Documents/Unreal Projects/SpaceBattle/Content/StarterContent/Audio/Fire01.ubulk" 948
"C:/Users/Mike Wells/Documents/Unreal Projects/SpaceBattle/Content/StarterContent/Audio/Fire01.uasset" 949
"C:/Users/Mike Wells/Documents/Unreal Projects/SpaceBattle/Content/StarterContent/Audio/Fire01.uexp" 950
"C:/Users/Mike Wells/Documents/Unreal Projects/SpaceBattle/Content/StarterContent/Audio/Fire01_Cue.uasset" 951
"C:/Users/Mike Wells/Documents/Unreal Projects/SpaceBattle/Content/StarterContent/Audio/Fire01_Cue.uexp" 952
"C:/Users/Mike Wells/Documents/Unreal Projects/SpaceBattle/Content/StarterContent/Blueprints/Blueprint_Effect_Fire.uasset" 953
"C:/Users/Mike Wells/Documents/Unreal Projects/SpaceBattle/Content/StarterContent/Blueprints/Blueprint_Effect_Fire.uexp" 954
"C:/Users/Mike Wells/Documents/Unreal Projects/SpaceBattle/Content/Levels/Game/Characters/Ship/BP_Ship.uasset" 955
"C:/Users/Mike Wells/Documents/Unreal Projects/SpaceBattle/Content/Levels/Game/Characters/Ship/BP_Ship.uexp" 956
"C:/Users/Mike Wells/Documents/Unreal Projects/SpaceBattle/Content/Levels/Game/SpectatorPawn/BP_SpectatorPawn.uasset" 957
"C:/Users/Mike Wells/Documents/Unreal Projects/SpaceBattle/Content/Levels/Game/SpectatorPawn/BP_SpectatorPawn.uexp" 958
"C:/Users/Mike Wells/Documents/Unreal Projects/SpaceBattle/Content/Levels/Game/GameMode/FL_Game.uasset" 959
"C:/Users/Mike Wells/Documents/Unreal Projects/SpaceBattle/Content/Levels/Game/GameMode/FL_Game.uexp" 960
"C:/Users/Mike Wells/Documents/Unreal Projects/SpaceBattle/Content/Assets/Images/Action_EnergyReg.ubulk" 961
"C:/Users/Mike Wells/Documents/Unreal Projects/SpaceBattle/Content/Assets/Images/Action_EnergyReg.uasset" 962
"C:/Users/Mike Wells/Documents/Unreal Projects/SpaceBattle/Content/Assets/Images/Action_EnergyReg.uexp" 963
"C:/Users/Mike Wells/Documents/Unreal Projects/SpaceBattle/Content/Levels/Game/UI/BPW_Action.uasset" 964
"C:/Users/Mike Wells/Documents/Unreal Projects/SpaceBattle/Content/Levels/Game/UI/BPW_Action.uexp" 965
"C:/Users/Mike Wells/Documents/Unreal Projects/SpaceBattle/Content/Assets/Images/Action_MoveTo.ubulk" 966
"C:/Users/Mike Wells/Documents/Unreal Projects/SpaceBattle/Content/Assets/Images/Action_MoveTo.uasset" 967
"C:/Users/Mike Wells/Documents/Unreal Projects/SpaceBattle/Content/Assets/Images/Action_MoveTo.uexp" 968
"C:/Users/Mike Wells/Documents/Unreal Projects/SpaceBattle/Content/Assets/Images/Action_ShieldReg.ubulk" 969
"C:/Users/Mike Wells/Documents/Unreal Projects/SpaceBattle/Content/Assets/Images/Action_ShieldReg.uasset" 970
"C:/Users/Mike Wells/Documents/Unreal Projects/SpaceBattle/Content/Assets/Images/Action_ShieldReg.uexp" 971
"C:/Users/Mike Wells/Documents/Unreal Projects/SpaceBattle/Content/Assets/Images/Action_StrongAttack.ubulk" 972
"C:/Users/Mike Wells/Documents/Unreal Projects/SpaceBattle/Content/Assets/Images/Action_StrongAttack.uasset" 973
"C:/Users/Mike Wells/Documents/Unreal Projects/SpaceBattle/Content/Assets/Images/Action_StrongAttack.uexp" 974
"C:/Users/Mike Wells/Documents/Unreal Projects/SpaceBattle/Content/Assets/Images/Action_LightAttack.ubulk" 975
"C:/Users/Mike Wells/Documents/Unreal Projects/SpaceBattle/Content/Assets/Images/Action_LightAttack.uasset" 976
"C:/Users/Mike Wells/Documents/Unreal Projects/SpaceBattle/Content/Assets/Images/Action_LightAttack.uexp" 977
"C:/Users/Mike Wells/Documents/Unreal Projects/SpaceBattle/Content/Levels/Game/UI/BPW_ActionsBar.uasset" 978
"C:/Users/Mike Wells/Documents/Unreal Projects/SpaceBattle/Content/Levels/Game/UI/BPW_ActionsBar.uexp" 979
"C:/Users/Mike Wells/Documents/Unreal Projects/SpaceBattle/Content/Levels/Game/UI/BPW_RoundDisplay.uasset" 980
"C:/Users/Mike Wells/Documents/Unreal Projects/SpaceBattle/Content/Levels/Game/UI/BPW_RoundDisplay.uexp" 981
"C:/Users/Mike Wells/Documents/Unreal Projects/SpaceBattle/Content/Levels/Game/UI/BPW_CurrentPlayerStats.uasset" 982
"C:/Users/Mike Wells/Documents/Unreal Projects/SpaceBattle/Content/Levels/Game/UI/BPW_CurrentPlayerStats.uexp" 983
"C:/Users/Mike Wells/Documents/Unreal Projects/SpaceBattle/Content/Levels/Game/UI/BPW_GameHUD.uasset" 984
"C:/Users/Mike Wells/Documents/Unreal Projects/SpaceBattle/Content/Levels/Game/UI/BPW_GameHUD.uexp" 985
"C:/Users/Mike Wells/Documents/Unreal Projects/SpaceBattle/Content/Prototyping/SkySphere/textures/8k_stars_milky_way.uexp" 986
"C:/Users/Mike Wells/Documents/Unreal Projects/SpaceBattle/Content/Prototyping/SkySphere/textures/8k_stars_milky_way.ubulk" 987
"C:/Users/Mike Wells/Documents/Unreal Projects/SpaceBattle/Content/Prototyping/SkySphere/textures/8k_stars_milky_way.uasset" 988
"C:/Users/Mike Wells/Documents/Unreal Projects/SpaceBattle/Content/Prototyping/SkySphere/textures/8k_stars_milky_way.uptnl" 989
"C:/Users/Mike Wells/Documents/Unreal Projects/SpaceBattle/Content/Levels/Game/UI/BPW_FadeScreen.uasset" 990
"C:/Users/Mike Wells/Documents/Unreal Projects/SpaceBattle/Content/Levels/Game/UI/BPW_FadeScreen.uexp" 991
"C:/Users/Mike Wells/Documents/Unreal Projects/SpaceBattle/Content/Levels/Game/UI/BPW_TurnNotification.uasset" 992
"C:/Users/Mike Wells/Documents/Unreal Projects/SpaceBattle/Content/Levels/Game/UI/BPW_TurnNotification.uexp" 993
"C:/Users/Mike Wells/Documents/Unreal Projects/SpaceBattle/Content/Levels/Game/UI/BP_HUD.uasset" 994
"C:/Users/Mike Wells/Documents/Unreal Projects/SpaceBattle/Content/Levels/Game/UI/BP_HUD.uexp" 995
"C:/Users/Mike Wells/Documents/Unreal Projects/SpaceBattle/Content/Levels/Game/GameMode/BP_GameMode.uasset" 996
"C:/Users/Mike Wells/Documents/Unreal Projects/SpaceBattle/Content/Levels/Game/GameMode/BP_GameMode.uexp" 997
"C:/Users/Mike Wells/Documents/Unreal Projects/SpaceBattle/Content/Prototyping/SkySphere/textures/8k_stars.uexp" 998
"C:/Users/Mike Wells/Documents/Unreal Projects/SpaceBattle/Content/Prototyping/SkySphere/textures/8k_stars.ubulk" 999
"C:/Users/Mike Wells/Documents/Unreal Projects/SpaceBattle/Content/Prototyping/SkySphere/textures/8k_stars.uasset" 1000
"C:/Users/Mike Wells/Documents/Unreal Projects/SpaceBattle/Content/Prototyping/SkySphere/textures/8k_stars.uptnl" 1001
"C:/Users/Mike Wells/Documents/Unreal Projects/SpaceBattle/Content/Prototyping/SkySphere/textures/star-noise.uasset" 1002
"C:/Users/Mike Wells/Documents/Unreal Projects/SpaceBattle/Content/Prototyping/SkySphere/textures/star-noise.uexp" 1003
"C:/Users/Mike Wells/Documents/Unreal Projects/SpaceBattle/Content/Prototyping/SkySphere/materials/M_FlickeringStars_mat.uasset" 1004
"C:/Users/Mike Wells/Documents/Unreal Projects/SpaceBattle/Content/Prototyping/SkySphere/materials/M_FlickeringStars_mat.uexp" 1005
"C:/Users/Mike Wells/Documents/Unreal Projects/SpaceBattle/Content/Prototyping/SkySphere/materials/M_FlickeringStars_mat_Inst.uasset" 1006
"C:/Users/Mike Wells/Documents/Unreal Projects/SpaceBattle/Content/Prototyping/SkySphere/materials/M_FlickeringStars_mat_Inst.uexp" 1007
"C:/Users/Mike Wells/Documents/Unreal Projects/SpaceBattle/Content/Prototyping/SkySphere/meshes/NightSkySphere.ubulk" 1008
"C:/Users/Mike Wells/Documents/Unreal Projects/SpaceBattle/Content/Prototyping/SkySphere/meshes/NightSkySphere.uasset" 1009
"C:/Users/Mike Wells/Documents/Unreal Projects/SpaceBattle/Content/Prototyping/SkySphere/meshes/NightSkySphere.uexp" 1010
"C:/Users/Mike Wells/Documents/Unreal Projects/SpaceBattle/Content/Prototyping/SkySphere/BP_NightSky.uasset" 1011
"C:/Users/Mike Wells/Documents/Unreal Projects/SpaceBattle/Content/Prototyping/SkySphere/BP_NightSky.uexp" 1012
"C:/Users/Mike Wells/Documents/Unreal Projects/SpaceBattle/Content/Levels/Game/GameLevel.uexp" 1013
"C:/Users/Mike Wells/Documents/Unreal Projects/SpaceBattle/Content/Levels/Game/GameLevel.umap" 1014
"C:/Users/Mike Wells/Documents/Unreal Projects/SpaceBattle/Content/Levels/MainMenu/BP_MainMenuPlayerController.uasset" 1015
"C:/Users/Mike Wells/Documents/Unreal Projects/SpaceBattle/Content/Levels/MainMenu/BP_MainMenuPlayerController.uexp" 1016
"C:/Users/Mike Wells/Documents/Unreal Projects/SpaceBattle/Content/Levels/MainMenu/BP_MainMenuGameMode.uasset" 1017
"C:/Users/Mike Wells/Documents/Unreal Projects/SpaceBattle/Content/Levels/MainMenu/BP_MainMenuGameMode.uexp" 1018
"C:/Users/Mike Wells/Documents/Unreal Projects/SpaceBattle/Content/Prototyping/Images/SpaceBattleLogo.uasset" 1019
"C:/Users/Mike Wells/Documents/Unreal Projects/SpaceBattle/Content/Prototyping/Images/SpaceBattleLogo.uexp" 1020
"C:/Users/Mike Wells/Documents/Unreal Projects/SpaceBattle/Content/Levels/MainMenu/UI/BPW_HostSession.uasset" 1021
"C:/Users/Mike Wells/Documents/Unreal Projects/SpaceBattle/Content/Levels/MainMenu/UI/BPW_HostSession.uexp" 1022
"C:/Users/Mike Wells/Documents/Unreal Projects/SpaceBattle/Content/Levels/MainMenu/UI/BPW_Session.uasset" 1023
"C:/Users/Mike Wells/Documents/Unreal Projects/SpaceBattle/Content/Levels/MainMenu/UI/BPW_Session.uexp" 1024
"C:/Users/Mike Wells/Documents/Unreal Projects/SpaceBattle/Content/Levels/MainMenu/UI/BPW_FindSessions.uasset" 1025
"C:/Users/Mike Wells/Documents/Unreal Projects/SpaceBattle/Content/Levels/MainMenu/UI/BPW_FindSessions.uexp" 1026
"C:/Users/Mike Wells/Documents/Unreal Projects/SpaceBattle/Content/Levels/MainMenu/UI/BPW_MainMenu.uasset" 1027
"C:/Users/Mike Wells/Documents/Unreal Projects/SpaceBattle/Content/Levels/MainMenu/UI/BPW_MainMenu.uexp" 1028
"C:/Users/Mike Wells/Documents/Unreal Projects/SpaceBattle/Content/Levels/MainMenu/MainMenuLevel.uexp" 1029
"C:/Users/Mike Wells/Documents/Unreal Projects/SpaceBattle/Content/Levels/MainMenu/MainMenuLevel.umap" 1030
